[2024-11-13T09:58:18.012+0000] {processor.py:161} INFO - Started process (PID=2691) to work on /opt/airflow/dags/utils/AdditionalFunctions.py
[2024-11-13T09:58:18.189+0000] {processor.py:830} INFO - Processing file /opt/airflow/dags/utils/AdditionalFunctions.py for tasks to queue
[2024-11-13T09:58:18.608+0000] {logging_mixin.py:188} INFO - [2024-11-13T09:58:18.518+0000] {dagbag.py:540} INFO - Filling up the DagBag from /opt/airflow/dags/utils/AdditionalFunctions.py
[2024-11-13T09:58:20.833+0000] {processor.py:842} WARNING - No viable dags retrieved from /opt/airflow/dags/utils/AdditionalFunctions.py
[2024-11-13T09:58:24.106+0000] {processor.py:183} INFO - Processing /opt/airflow/dags/utils/AdditionalFunctions.py took 8.651 seconds
[2024-11-13T09:58:54.850+0000] {processor.py:161} INFO - Started process (PID=2704) to work on /opt/airflow/dags/utils/AdditionalFunctions.py
[2024-11-13T09:58:54.854+0000] {processor.py:830} INFO - Processing file /opt/airflow/dags/utils/AdditionalFunctions.py for tasks to queue
[2024-11-13T09:58:54.874+0000] {logging_mixin.py:188} INFO - [2024-11-13T09:58:54.873+0000] {dagbag.py:540} INFO - Filling up the DagBag from /opt/airflow/dags/utils/AdditionalFunctions.py
[2024-11-13T09:58:54.926+0000] {processor.py:842} WARNING - No viable dags retrieved from /opt/airflow/dags/utils/AdditionalFunctions.py
[2024-11-13T09:58:55.041+0000] {processor.py:183} INFO - Processing /opt/airflow/dags/utils/AdditionalFunctions.py took 0.250 seconds
[2024-11-13T09:59:25.338+0000] {processor.py:161} INFO - Started process (PID=2717) to work on /opt/airflow/dags/utils/AdditionalFunctions.py
[2024-11-13T09:59:25.341+0000] {processor.py:830} INFO - Processing file /opt/airflow/dags/utils/AdditionalFunctions.py for tasks to queue
[2024-11-13T09:59:25.346+0000] {logging_mixin.py:188} INFO - [2024-11-13T09:59:25.345+0000] {dagbag.py:540} INFO - Filling up the DagBag from /opt/airflow/dags/utils/AdditionalFunctions.py
[2024-11-13T09:59:25.382+0000] {processor.py:842} WARNING - No viable dags retrieved from /opt/airflow/dags/utils/AdditionalFunctions.py
[2024-11-13T09:59:25.420+0000] {processor.py:183} INFO - Processing /opt/airflow/dags/utils/AdditionalFunctions.py took 0.097 seconds
[2024-11-13T09:59:56.214+0000] {processor.py:161} INFO - Started process (PID=2730) to work on /opt/airflow/dags/utils/AdditionalFunctions.py
[2024-11-13T09:59:56.216+0000] {processor.py:830} INFO - Processing file /opt/airflow/dags/utils/AdditionalFunctions.py for tasks to queue
[2024-11-13T09:59:56.222+0000] {logging_mixin.py:188} INFO - [2024-11-13T09:59:56.221+0000] {dagbag.py:540} INFO - Filling up the DagBag from /opt/airflow/dags/utils/AdditionalFunctions.py
[2024-11-13T09:59:56.255+0000] {processor.py:842} WARNING - No viable dags retrieved from /opt/airflow/dags/utils/AdditionalFunctions.py
[2024-11-13T09:59:56.288+0000] {processor.py:183} INFO - Processing /opt/airflow/dags/utils/AdditionalFunctions.py took 0.091 seconds
[2024-11-13T10:00:26.891+0000] {processor.py:161} INFO - Started process (PID=2743) to work on /opt/airflow/dags/utils/AdditionalFunctions.py
[2024-11-13T10:00:26.894+0000] {processor.py:830} INFO - Processing file /opt/airflow/dags/utils/AdditionalFunctions.py for tasks to queue
[2024-11-13T10:00:26.900+0000] {logging_mixin.py:188} INFO - [2024-11-13T10:00:26.899+0000] {dagbag.py:540} INFO - Filling up the DagBag from /opt/airflow/dags/utils/AdditionalFunctions.py
[2024-11-13T10:00:26.934+0000] {processor.py:842} WARNING - No viable dags retrieved from /opt/airflow/dags/utils/AdditionalFunctions.py
[2024-11-13T10:00:26.974+0000] {processor.py:183} INFO - Processing /opt/airflow/dags/utils/AdditionalFunctions.py took 0.098 seconds
[2024-11-13T10:00:57.497+0000] {processor.py:161} INFO - Started process (PID=2756) to work on /opt/airflow/dags/utils/AdditionalFunctions.py
[2024-11-13T10:00:57.499+0000] {processor.py:830} INFO - Processing file /opt/airflow/dags/utils/AdditionalFunctions.py for tasks to queue
[2024-11-13T10:00:57.506+0000] {logging_mixin.py:188} INFO - [2024-11-13T10:00:57.505+0000] {dagbag.py:540} INFO - Filling up the DagBag from /opt/airflow/dags/utils/AdditionalFunctions.py
[2024-11-13T10:00:57.540+0000] {processor.py:842} WARNING - No viable dags retrieved from /opt/airflow/dags/utils/AdditionalFunctions.py
[2024-11-13T10:00:57.578+0000] {processor.py:183} INFO - Processing /opt/airflow/dags/utils/AdditionalFunctions.py took 0.099 seconds
[2024-11-13T10:01:28.919+0000] {processor.py:161} INFO - Started process (PID=2767) to work on /opt/airflow/dags/utils/AdditionalFunctions.py
[2024-11-13T10:01:28.921+0000] {processor.py:830} INFO - Processing file /opt/airflow/dags/utils/AdditionalFunctions.py for tasks to queue
[2024-11-13T10:01:28.926+0000] {logging_mixin.py:188} INFO - [2024-11-13T10:01:28.925+0000] {dagbag.py:540} INFO - Filling up the DagBag from /opt/airflow/dags/utils/AdditionalFunctions.py
[2024-11-13T10:01:28.959+0000] {processor.py:842} WARNING - No viable dags retrieved from /opt/airflow/dags/utils/AdditionalFunctions.py
[2024-11-13T10:01:28.992+0000] {processor.py:183} INFO - Processing /opt/airflow/dags/utils/AdditionalFunctions.py took 0.089 seconds
[2024-11-13T10:01:59.136+0000] {processor.py:161} INFO - Started process (PID=2776) to work on /opt/airflow/dags/utils/AdditionalFunctions.py
[2024-11-13T10:01:59.140+0000] {processor.py:830} INFO - Processing file /opt/airflow/dags/utils/AdditionalFunctions.py for tasks to queue
[2024-11-13T10:01:59.147+0000] {logging_mixin.py:188} INFO - [2024-11-13T10:01:59.146+0000] {dagbag.py:540} INFO - Filling up the DagBag from /opt/airflow/dags/utils/AdditionalFunctions.py
[2024-11-13T10:01:59.187+0000] {processor.py:842} WARNING - No viable dags retrieved from /opt/airflow/dags/utils/AdditionalFunctions.py
[2024-11-13T10:01:59.227+0000] {processor.py:183} INFO - Processing /opt/airflow/dags/utils/AdditionalFunctions.py took 0.111 seconds
[2024-11-13T10:02:29.638+0000] {processor.py:161} INFO - Started process (PID=2789) to work on /opt/airflow/dags/utils/AdditionalFunctions.py
[2024-11-13T10:02:29.641+0000] {processor.py:830} INFO - Processing file /opt/airflow/dags/utils/AdditionalFunctions.py for tasks to queue
[2024-11-13T10:02:29.645+0000] {logging_mixin.py:188} INFO - [2024-11-13T10:02:29.645+0000] {dagbag.py:540} INFO - Filling up the DagBag from /opt/airflow/dags/utils/AdditionalFunctions.py
[2024-11-13T10:02:29.682+0000] {processor.py:842} WARNING - No viable dags retrieved from /opt/airflow/dags/utils/AdditionalFunctions.py
[2024-11-13T10:02:29.718+0000] {processor.py:183} INFO - Processing /opt/airflow/dags/utils/AdditionalFunctions.py took 0.096 seconds
[2024-11-13T10:03:00.362+0000] {processor.py:161} INFO - Started process (PID=2803) to work on /opt/airflow/dags/utils/AdditionalFunctions.py
[2024-11-13T10:03:00.365+0000] {processor.py:830} INFO - Processing file /opt/airflow/dags/utils/AdditionalFunctions.py for tasks to queue
[2024-11-13T10:03:00.372+0000] {logging_mixin.py:188} INFO - [2024-11-13T10:03:00.371+0000] {dagbag.py:540} INFO - Filling up the DagBag from /opt/airflow/dags/utils/AdditionalFunctions.py
[2024-11-13T10:03:00.406+0000] {processor.py:842} WARNING - No viable dags retrieved from /opt/airflow/dags/utils/AdditionalFunctions.py
[2024-11-13T10:03:00.444+0000] {processor.py:183} INFO - Processing /opt/airflow/dags/utils/AdditionalFunctions.py took 0.102 seconds
[2024-11-13T10:03:31.440+0000] {processor.py:161} INFO - Started process (PID=2816) to work on /opt/airflow/dags/utils/AdditionalFunctions.py
[2024-11-13T10:03:31.444+0000] {processor.py:830} INFO - Processing file /opt/airflow/dags/utils/AdditionalFunctions.py for tasks to queue
[2024-11-13T10:03:31.452+0000] {logging_mixin.py:188} INFO - [2024-11-13T10:03:31.450+0000] {dagbag.py:540} INFO - Filling up the DagBag from /opt/airflow/dags/utils/AdditionalFunctions.py
[2024-11-13T10:03:31.494+0000] {processor.py:842} WARNING - No viable dags retrieved from /opt/airflow/dags/utils/AdditionalFunctions.py
[2024-11-13T10:03:31.532+0000] {processor.py:183} INFO - Processing /opt/airflow/dags/utils/AdditionalFunctions.py took 0.120 seconds
[2024-11-13T10:04:01.717+0000] {processor.py:161} INFO - Started process (PID=2828) to work on /opt/airflow/dags/utils/AdditionalFunctions.py
[2024-11-13T10:04:01.720+0000] {processor.py:830} INFO - Processing file /opt/airflow/dags/utils/AdditionalFunctions.py for tasks to queue
[2024-11-13T10:04:01.725+0000] {logging_mixin.py:188} INFO - [2024-11-13T10:04:01.724+0000] {dagbag.py:540} INFO - Filling up the DagBag from /opt/airflow/dags/utils/AdditionalFunctions.py
[2024-11-13T10:04:01.760+0000] {processor.py:842} WARNING - No viable dags retrieved from /opt/airflow/dags/utils/AdditionalFunctions.py
[2024-11-13T10:04:01.798+0000] {processor.py:183} INFO - Processing /opt/airflow/dags/utils/AdditionalFunctions.py took 0.100 seconds
[2024-11-13T10:04:32.320+0000] {processor.py:161} INFO - Started process (PID=2841) to work on /opt/airflow/dags/utils/AdditionalFunctions.py
[2024-11-13T10:04:32.323+0000] {processor.py:830} INFO - Processing file /opt/airflow/dags/utils/AdditionalFunctions.py for tasks to queue
[2024-11-13T10:04:32.328+0000] {logging_mixin.py:188} INFO - [2024-11-13T10:04:32.327+0000] {dagbag.py:540} INFO - Filling up the DagBag from /opt/airflow/dags/utils/AdditionalFunctions.py
[2024-11-13T10:04:32.369+0000] {processor.py:842} WARNING - No viable dags retrieved from /opt/airflow/dags/utils/AdditionalFunctions.py
[2024-11-13T10:04:32.416+0000] {processor.py:183} INFO - Processing /opt/airflow/dags/utils/AdditionalFunctions.py took 0.113 seconds
[2024-11-13T10:05:03.058+0000] {processor.py:161} INFO - Started process (PID=2854) to work on /opt/airflow/dags/utils/AdditionalFunctions.py
[2024-11-13T10:05:03.060+0000] {processor.py:830} INFO - Processing file /opt/airflow/dags/utils/AdditionalFunctions.py for tasks to queue
[2024-11-13T10:05:03.066+0000] {logging_mixin.py:188} INFO - [2024-11-13T10:05:03.065+0000] {dagbag.py:540} INFO - Filling up the DagBag from /opt/airflow/dags/utils/AdditionalFunctions.py
[2024-11-13T10:05:03.104+0000] {processor.py:842} WARNING - No viable dags retrieved from /opt/airflow/dags/utils/AdditionalFunctions.py
[2024-11-13T10:05:03.135+0000] {processor.py:183} INFO - Processing /opt/airflow/dags/utils/AdditionalFunctions.py took 0.092 seconds
[2024-11-13T10:05:33.564+0000] {processor.py:161} INFO - Started process (PID=2867) to work on /opt/airflow/dags/utils/AdditionalFunctions.py
[2024-11-13T10:05:33.567+0000] {processor.py:830} INFO - Processing file /opt/airflow/dags/utils/AdditionalFunctions.py for tasks to queue
[2024-11-13T10:05:33.573+0000] {logging_mixin.py:188} INFO - [2024-11-13T10:05:33.572+0000] {dagbag.py:540} INFO - Filling up the DagBag from /opt/airflow/dags/utils/AdditionalFunctions.py
[2024-11-13T10:05:33.609+0000] {processor.py:842} WARNING - No viable dags retrieved from /opt/airflow/dags/utils/AdditionalFunctions.py
[2024-11-13T10:05:33.645+0000] {processor.py:183} INFO - Processing /opt/airflow/dags/utils/AdditionalFunctions.py took 0.096 seconds
[2024-11-13T10:06:04.115+0000] {processor.py:161} INFO - Started process (PID=2880) to work on /opt/airflow/dags/utils/AdditionalFunctions.py
[2024-11-13T10:06:04.118+0000] {processor.py:830} INFO - Processing file /opt/airflow/dags/utils/AdditionalFunctions.py for tasks to queue
[2024-11-13T10:06:04.124+0000] {logging_mixin.py:188} INFO - [2024-11-13T10:06:04.123+0000] {dagbag.py:540} INFO - Filling up the DagBag from /opt/airflow/dags/utils/AdditionalFunctions.py
[2024-11-13T10:06:04.162+0000] {processor.py:842} WARNING - No viable dags retrieved from /opt/airflow/dags/utils/AdditionalFunctions.py
[2024-11-13T10:06:04.204+0000] {processor.py:183} INFO - Processing /opt/airflow/dags/utils/AdditionalFunctions.py took 0.108 seconds
[2024-11-13T10:06:34.510+0000] {processor.py:161} INFO - Started process (PID=2893) to work on /opt/airflow/dags/utils/AdditionalFunctions.py
[2024-11-13T10:06:34.513+0000] {processor.py:830} INFO - Processing file /opt/airflow/dags/utils/AdditionalFunctions.py for tasks to queue
[2024-11-13T10:06:34.518+0000] {logging_mixin.py:188} INFO - [2024-11-13T10:06:34.517+0000] {dagbag.py:540} INFO - Filling up the DagBag from /opt/airflow/dags/utils/AdditionalFunctions.py
[2024-11-13T10:06:34.549+0000] {processor.py:842} WARNING - No viable dags retrieved from /opt/airflow/dags/utils/AdditionalFunctions.py
[2024-11-13T10:06:34.593+0000] {processor.py:183} INFO - Processing /opt/airflow/dags/utils/AdditionalFunctions.py took 0.101 seconds
[2024-11-13T10:07:04.734+0000] {processor.py:161} INFO - Started process (PID=2906) to work on /opt/airflow/dags/utils/AdditionalFunctions.py
[2024-11-13T10:07:04.736+0000] {processor.py:830} INFO - Processing file /opt/airflow/dags/utils/AdditionalFunctions.py for tasks to queue
[2024-11-13T10:07:04.741+0000] {logging_mixin.py:188} INFO - [2024-11-13T10:07:04.740+0000] {dagbag.py:540} INFO - Filling up the DagBag from /opt/airflow/dags/utils/AdditionalFunctions.py
[2024-11-13T10:07:04.783+0000] {processor.py:842} WARNING - No viable dags retrieved from /opt/airflow/dags/utils/AdditionalFunctions.py
[2024-11-13T10:07:04.818+0000] {processor.py:183} INFO - Processing /opt/airflow/dags/utils/AdditionalFunctions.py took 0.100 seconds
[2024-11-13T10:07:35.100+0000] {processor.py:161} INFO - Started process (PID=2919) to work on /opt/airflow/dags/utils/AdditionalFunctions.py
[2024-11-13T10:07:35.102+0000] {processor.py:830} INFO - Processing file /opt/airflow/dags/utils/AdditionalFunctions.py for tasks to queue
[2024-11-13T10:07:35.107+0000] {logging_mixin.py:188} INFO - [2024-11-13T10:07:35.106+0000] {dagbag.py:540} INFO - Filling up the DagBag from /opt/airflow/dags/utils/AdditionalFunctions.py
[2024-11-13T10:07:35.151+0000] {processor.py:842} WARNING - No viable dags retrieved from /opt/airflow/dags/utils/AdditionalFunctions.py
[2024-11-13T10:07:35.183+0000] {processor.py:183} INFO - Processing /opt/airflow/dags/utils/AdditionalFunctions.py took 0.099 seconds
[2024-11-13T10:08:05.336+0000] {processor.py:161} INFO - Started process (PID=2932) to work on /opt/airflow/dags/utils/AdditionalFunctions.py
[2024-11-13T10:08:05.338+0000] {processor.py:830} INFO - Processing file /opt/airflow/dags/utils/AdditionalFunctions.py for tasks to queue
[2024-11-13T10:08:05.343+0000] {logging_mixin.py:188} INFO - [2024-11-13T10:08:05.342+0000] {dagbag.py:540} INFO - Filling up the DagBag from /opt/airflow/dags/utils/AdditionalFunctions.py
[2024-11-13T10:08:05.368+0000] {processor.py:842} WARNING - No viable dags retrieved from /opt/airflow/dags/utils/AdditionalFunctions.py
[2024-11-13T10:08:05.399+0000] {processor.py:183} INFO - Processing /opt/airflow/dags/utils/AdditionalFunctions.py took 0.080 seconds
[2024-11-13T10:08:36.188+0000] {processor.py:161} INFO - Started process (PID=2946) to work on /opt/airflow/dags/utils/AdditionalFunctions.py
[2024-11-13T10:08:36.191+0000] {processor.py:830} INFO - Processing file /opt/airflow/dags/utils/AdditionalFunctions.py for tasks to queue
[2024-11-13T10:08:36.208+0000] {logging_mixin.py:188} INFO - [2024-11-13T10:08:36.203+0000] {dagbag.py:540} INFO - Filling up the DagBag from /opt/airflow/dags/utils/AdditionalFunctions.py
[2024-11-13T10:08:36.256+0000] {processor.py:842} WARNING - No viable dags retrieved from /opt/airflow/dags/utils/AdditionalFunctions.py
[2024-11-13T10:08:36.298+0000] {processor.py:183} INFO - Processing /opt/airflow/dags/utils/AdditionalFunctions.py took 0.136 seconds
[2024-11-13T10:09:07.150+0000] {processor.py:161} INFO - Started process (PID=2959) to work on /opt/airflow/dags/utils/AdditionalFunctions.py
[2024-11-13T10:09:07.155+0000] {processor.py:830} INFO - Processing file /opt/airflow/dags/utils/AdditionalFunctions.py for tasks to queue
[2024-11-13T10:09:07.163+0000] {logging_mixin.py:188} INFO - [2024-11-13T10:09:07.161+0000] {dagbag.py:540} INFO - Filling up the DagBag from /opt/airflow/dags/utils/AdditionalFunctions.py
[2024-11-13T10:09:07.207+0000] {processor.py:842} WARNING - No viable dags retrieved from /opt/airflow/dags/utils/AdditionalFunctions.py
[2024-11-13T10:09:07.265+0000] {processor.py:183} INFO - Processing /opt/airflow/dags/utils/AdditionalFunctions.py took 0.142 seconds
[2024-11-13T10:09:37.393+0000] {processor.py:161} INFO - Started process (PID=2972) to work on /opt/airflow/dags/utils/AdditionalFunctions.py
[2024-11-13T10:09:37.396+0000] {processor.py:830} INFO - Processing file /opt/airflow/dags/utils/AdditionalFunctions.py for tasks to queue
[2024-11-13T10:09:37.402+0000] {logging_mixin.py:188} INFO - [2024-11-13T10:09:37.401+0000] {dagbag.py:540} INFO - Filling up the DagBag from /opt/airflow/dags/utils/AdditionalFunctions.py
[2024-11-13T10:09:37.435+0000] {processor.py:842} WARNING - No viable dags retrieved from /opt/airflow/dags/utils/AdditionalFunctions.py
[2024-11-13T10:09:37.465+0000] {processor.py:183} INFO - Processing /opt/airflow/dags/utils/AdditionalFunctions.py took 0.092 seconds
[2024-11-13T10:10:08.167+0000] {processor.py:161} INFO - Started process (PID=2985) to work on /opt/airflow/dags/utils/AdditionalFunctions.py
[2024-11-13T10:10:08.170+0000] {processor.py:830} INFO - Processing file /opt/airflow/dags/utils/AdditionalFunctions.py for tasks to queue
[2024-11-13T10:10:08.174+0000] {logging_mixin.py:188} INFO - [2024-11-13T10:10:08.174+0000] {dagbag.py:540} INFO - Filling up the DagBag from /opt/airflow/dags/utils/AdditionalFunctions.py
[2024-11-13T10:10:08.214+0000] {processor.py:842} WARNING - No viable dags retrieved from /opt/airflow/dags/utils/AdditionalFunctions.py
[2024-11-13T10:10:08.258+0000] {processor.py:183} INFO - Processing /opt/airflow/dags/utils/AdditionalFunctions.py took 0.108 seconds
[2024-11-13T10:10:38.977+0000] {processor.py:161} INFO - Started process (PID=2999) to work on /opt/airflow/dags/utils/AdditionalFunctions.py
[2024-11-13T10:10:38.980+0000] {processor.py:830} INFO - Processing file /opt/airflow/dags/utils/AdditionalFunctions.py for tasks to queue
[2024-11-13T10:10:38.984+0000] {logging_mixin.py:188} INFO - [2024-11-13T10:10:38.984+0000] {dagbag.py:540} INFO - Filling up the DagBag from /opt/airflow/dags/utils/AdditionalFunctions.py
[2024-11-13T10:10:39.026+0000] {processor.py:842} WARNING - No viable dags retrieved from /opt/airflow/dags/utils/AdditionalFunctions.py
[2024-11-13T10:10:39.058+0000] {processor.py:183} INFO - Processing /opt/airflow/dags/utils/AdditionalFunctions.py took 0.095 seconds
[2024-11-13T10:11:09.673+0000] {processor.py:161} INFO - Started process (PID=3012) to work on /opt/airflow/dags/utils/AdditionalFunctions.py
[2024-11-13T10:11:09.682+0000] {processor.py:830} INFO - Processing file /opt/airflow/dags/utils/AdditionalFunctions.py for tasks to queue
[2024-11-13T10:11:09.698+0000] {logging_mixin.py:188} INFO - [2024-11-13T10:11:09.696+0000] {dagbag.py:540} INFO - Filling up the DagBag from /opt/airflow/dags/utils/AdditionalFunctions.py
[2024-11-13T10:11:09.738+0000] {processor.py:842} WARNING - No viable dags retrieved from /opt/airflow/dags/utils/AdditionalFunctions.py
[2024-11-13T10:11:09.790+0000] {processor.py:183} INFO - Processing /opt/airflow/dags/utils/AdditionalFunctions.py took 0.146 seconds
[2024-11-13T10:11:40.400+0000] {processor.py:161} INFO - Started process (PID=3030) to work on /opt/airflow/dags/utils/AdditionalFunctions.py
[2024-11-13T10:11:40.403+0000] {processor.py:830} INFO - Processing file /opt/airflow/dags/utils/AdditionalFunctions.py for tasks to queue
[2024-11-13T10:11:40.411+0000] {logging_mixin.py:188} INFO - [2024-11-13T10:11:40.410+0000] {dagbag.py:540} INFO - Filling up the DagBag from /opt/airflow/dags/utils/AdditionalFunctions.py
[2024-11-13T10:11:40.454+0000] {processor.py:842} WARNING - No viable dags retrieved from /opt/airflow/dags/utils/AdditionalFunctions.py
[2024-11-13T10:11:40.525+0000] {processor.py:183} INFO - Processing /opt/airflow/dags/utils/AdditionalFunctions.py took 0.149 seconds
[2024-11-13T10:12:10.691+0000] {processor.py:161} INFO - Started process (PID=3041) to work on /opt/airflow/dags/utils/AdditionalFunctions.py
[2024-11-13T10:12:10.693+0000] {processor.py:830} INFO - Processing file /opt/airflow/dags/utils/AdditionalFunctions.py for tasks to queue
[2024-11-13T10:12:10.698+0000] {logging_mixin.py:188} INFO - [2024-11-13T10:12:10.697+0000] {dagbag.py:540} INFO - Filling up the DagBag from /opt/airflow/dags/utils/AdditionalFunctions.py
[2024-11-13T10:12:10.737+0000] {processor.py:842} WARNING - No viable dags retrieved from /opt/airflow/dags/utils/AdditionalFunctions.py
[2024-11-13T10:12:10.784+0000] {processor.py:183} INFO - Processing /opt/airflow/dags/utils/AdditionalFunctions.py took 0.109 seconds
[2024-11-13T10:12:41.526+0000] {processor.py:161} INFO - Started process (PID=3052) to work on /opt/airflow/dags/utils/AdditionalFunctions.py
[2024-11-13T10:12:41.531+0000] {processor.py:830} INFO - Processing file /opt/airflow/dags/utils/AdditionalFunctions.py for tasks to queue
[2024-11-13T10:12:41.538+0000] {logging_mixin.py:188} INFO - [2024-11-13T10:12:41.536+0000] {dagbag.py:540} INFO - Filling up the DagBag from /opt/airflow/dags/utils/AdditionalFunctions.py
[2024-11-13T10:12:41.584+0000] {processor.py:842} WARNING - No viable dags retrieved from /opt/airflow/dags/utils/AdditionalFunctions.py
[2024-11-13T10:12:41.635+0000] {processor.py:183} INFO - Processing /opt/airflow/dags/utils/AdditionalFunctions.py took 0.127 seconds
[2024-11-13T10:13:12.290+0000] {processor.py:161} INFO - Started process (PID=3065) to work on /opt/airflow/dags/utils/AdditionalFunctions.py
[2024-11-13T10:13:12.292+0000] {processor.py:830} INFO - Processing file /opt/airflow/dags/utils/AdditionalFunctions.py for tasks to queue
[2024-11-13T10:13:12.297+0000] {logging_mixin.py:188} INFO - [2024-11-13T10:13:12.296+0000] {dagbag.py:540} INFO - Filling up the DagBag from /opt/airflow/dags/utils/AdditionalFunctions.py
[2024-11-13T10:13:12.339+0000] {processor.py:842} WARNING - No viable dags retrieved from /opt/airflow/dags/utils/AdditionalFunctions.py
[2024-11-13T10:13:12.370+0000] {processor.py:183} INFO - Processing /opt/airflow/dags/utils/AdditionalFunctions.py took 0.094 seconds
[2024-11-13T10:13:42.689+0000] {processor.py:161} INFO - Started process (PID=3078) to work on /opt/airflow/dags/utils/AdditionalFunctions.py
[2024-11-13T10:13:42.692+0000] {processor.py:830} INFO - Processing file /opt/airflow/dags/utils/AdditionalFunctions.py for tasks to queue
[2024-11-13T10:13:42.697+0000] {logging_mixin.py:188} INFO - [2024-11-13T10:13:42.696+0000] {dagbag.py:540} INFO - Filling up the DagBag from /opt/airflow/dags/utils/AdditionalFunctions.py
[2024-11-13T10:13:42.728+0000] {processor.py:842} WARNING - No viable dags retrieved from /opt/airflow/dags/utils/AdditionalFunctions.py
[2024-11-13T10:13:42.762+0000] {processor.py:183} INFO - Processing /opt/airflow/dags/utils/AdditionalFunctions.py took 0.089 seconds
[2024-11-13T10:14:12.955+0000] {processor.py:161} INFO - Started process (PID=3091) to work on /opt/airflow/dags/utils/AdditionalFunctions.py
[2024-11-13T10:14:12.958+0000] {processor.py:830} INFO - Processing file /opt/airflow/dags/utils/AdditionalFunctions.py for tasks to queue
[2024-11-13T10:14:12.963+0000] {logging_mixin.py:188} INFO - [2024-11-13T10:14:12.962+0000] {dagbag.py:540} INFO - Filling up the DagBag from /opt/airflow/dags/utils/AdditionalFunctions.py
[2024-11-13T10:14:12.997+0000] {processor.py:842} WARNING - No viable dags retrieved from /opt/airflow/dags/utils/AdditionalFunctions.py
[2024-11-13T10:14:13.043+0000] {processor.py:183} INFO - Processing /opt/airflow/dags/utils/AdditionalFunctions.py took 0.109 seconds
[2024-11-13T10:14:44.421+0000] {processor.py:161} INFO - Started process (PID=3104) to work on /opt/airflow/dags/utils/AdditionalFunctions.py
[2024-11-13T10:14:44.484+0000] {processor.py:830} INFO - Processing file /opt/airflow/dags/utils/AdditionalFunctions.py for tasks to queue
[2024-11-13T10:14:44.519+0000] {logging_mixin.py:188} INFO - [2024-11-13T10:14:44.518+0000] {dagbag.py:540} INFO - Filling up the DagBag from /opt/airflow/dags/utils/AdditionalFunctions.py
[2024-11-13T10:14:44.852+0000] {processor.py:842} WARNING - No viable dags retrieved from /opt/airflow/dags/utils/AdditionalFunctions.py
[2024-11-13T10:14:44.940+0000] {processor.py:183} INFO - Processing /opt/airflow/dags/utils/AdditionalFunctions.py took 0.560 seconds
