[2024-11-12T22:18:18.405+0000] {local_task_job_runner.py:120} INFO - ::group::Pre task execution logs
[2024-11-12T22:18:18.429+0000] {taskinstance.py:2073} INFO - Dependencies all met for dep_context=non-requeueable deps ti=<TaskInstance: extractAPItoBronze.api_available manual__2024-11-12T21:23:43.667318+00:00 [queued]>
[2024-11-12T22:18:18.441+0000] {taskinstance.py:2073} INFO - Dependencies all met for dep_context=requeueable deps ti=<TaskInstance: extractAPItoBronze.api_available manual__2024-11-12T21:23:43.667318+00:00 [queued]>
[2024-11-12T22:18:18.442+0000] {taskinstance.py:2303} INFO - Starting attempt 19 of 21
[2024-11-12T22:18:18.463+0000] {taskinstance.py:2327} INFO - Executing <Task(HttpSensor): api_available> on 2024-11-12 21:23:43.667318+00:00
[2024-11-12T22:18:18.473+0000] {warnings.py:110} WARNING - /home/***/.local/lib/python3.12/site-packages/***/task/task_runner/standard_task_runner.py:61: DeprecationWarning: This process (pid=456) is multi-threaded, use of fork() may lead to deadlocks in the child.
  pid = os.fork()

[2024-11-12T22:18:18.476+0000] {standard_task_runner.py:63} INFO - Started process 458 to run task
[2024-11-12T22:18:18.476+0000] {standard_task_runner.py:90} INFO - Running: ['***', 'tasks', 'run', 'extractAPItoBronze', 'api_available', 'manual__2024-11-12T21:23:43.667318+00:00', '--job-id', '134', '--raw', '--subdir', 'DAGS_FOLDER/ExtracttoBronze.py', '--cfg-path', '/tmp/tmpjt1edd1d']
[2024-11-12T22:18:18.479+0000] {standard_task_runner.py:91} INFO - Job 134: Subtask api_available
[2024-11-12T22:18:18.544+0000] {task_command.py:426} INFO - Running <TaskInstance: extractAPItoBronze.api_available manual__2024-11-12T21:23:43.667318+00:00 [running]> on host bbd2fa8da241
[2024-11-12T22:18:18.684+0000] {taskinstance.py:2644} INFO - Exporting env vars: AIRFLOW_CTX_DAG_OWNER='***' AIRFLOW_CTX_DAG_ID='extractAPItoBronze' AIRFLOW_CTX_TASK_ID='api_available' AIRFLOW_CTX_EXECUTION_DATE='2024-11-12T21:23:43.667318+00:00' AIRFLOW_CTX_TRY_NUMBER='19' AIRFLOW_CTX_DAG_RUN_ID='manual__2024-11-12T21:23:43.667318+00:00'
[2024-11-12T22:18:18.686+0000] {taskinstance.py:430} INFO - ::endgroup::
[2024-11-12T22:18:18.705+0000] {baseoperator.py:399} WARNING - HttpSensor.execute cannot be called outside TaskInstance!
[2024-11-12T22:18:18.706+0000] {http.py:137} INFO - Poking: breweries
[2024-11-12T22:18:18.722+0000] {base.py:84} INFO - Using connection ID 'api' for task execution.
[2024-11-12T22:18:19.260+0000] {base.py:294} INFO - Success criteria met. Exiting.
[2024-11-12T22:18:19.262+0000] {taskinstance.py:441} INFO - ::group::Post task execution logs
[2024-11-12T22:18:19.285+0000] {taskinstance.py:1205} INFO - Marking task as SUCCESS. dag_id=extractAPItoBronze, task_id=api_available, execution_date=20241112T212343, start_date=20241112T221818, end_date=20241112T221819
[2024-11-12T22:18:19.374+0000] {local_task_job_runner.py:240} INFO - Task exited with return code 0
[2024-11-12T22:18:19.462+0000] {taskinstance.py:3482} INFO - 1 downstream tasks scheduled from follow-on schedule check
[2024-11-12T22:18:19.465+0000] {local_task_job_runner.py:222} INFO - ::endgroup::
