[2024-11-13T09:58:18.008+0000] {processor.py:161} INFO - Started process (PID=2692) to work on /opt/airflow/dags/ExtracttoBronze.py
[2024-11-13T09:58:18.168+0000] {processor.py:830} INFO - Processing file /opt/airflow/dags/ExtracttoBronze.py for tasks to queue
[2024-11-13T09:58:18.618+0000] {logging_mixin.py:188} INFO - [2024-11-13T09:58:18.533+0000] {dagbag.py:540} INFO - Filling up the DagBag from /opt/airflow/dags/ExtracttoBronze.py
[2024-11-13T09:58:38.313+0000] {processor.py:840} INFO - DAG(s) 'extractAPItoBronze' retrieved from /opt/airflow/dags/ExtracttoBronze.py
[2024-11-13T09:58:40.151+0000] {logging_mixin.py:188} INFO - [2024-11-13T09:58:40.145+0000] {dag.py:3096} INFO - Sync 1 DAGs
[2024-11-13T09:58:41.035+0000] {logging_mixin.py:188} INFO - [2024-11-13T09:58:41.033+0000] {dag.py:3954} INFO - Setting next_dagrun for extractAPItoBronze to 2024-11-14 00:00:00+00:00, run_after=2024-11-15 00:00:00+00:00
[2024-11-13T09:58:41.689+0000] {processor.py:183} INFO - Processing /opt/airflow/dags/ExtracttoBronze.py took 26.020 seconds
[2024-11-13T09:59:12.104+0000] {processor.py:161} INFO - Started process (PID=2711) to work on /opt/airflow/dags/ExtracttoBronze.py
[2024-11-13T09:59:12.107+0000] {processor.py:830} INFO - Processing file /opt/airflow/dags/ExtracttoBronze.py for tasks to queue
[2024-11-13T09:59:12.112+0000] {logging_mixin.py:188} INFO - [2024-11-13T09:59:12.111+0000] {dagbag.py:540} INFO - Filling up the DagBag from /opt/airflow/dags/ExtracttoBronze.py
[2024-11-13T09:59:13.314+0000] {processor.py:840} INFO - DAG(s) 'extractAPItoBronze' retrieved from /opt/airflow/dags/ExtracttoBronze.py
[2024-11-13T09:59:13.793+0000] {logging_mixin.py:188} INFO - [2024-11-13T09:59:13.792+0000] {dag.py:3096} INFO - Sync 1 DAGs
[2024-11-13T09:59:13.892+0000] {logging_mixin.py:188} INFO - [2024-11-13T09:59:13.892+0000] {dag.py:3954} INFO - Setting next_dagrun for extractAPItoBronze to 2024-11-14 00:00:00+00:00, run_after=2024-11-15 00:00:00+00:00
[2024-11-13T09:59:13.957+0000] {processor.py:183} INFO - Processing /opt/airflow/dags/ExtracttoBronze.py took 1.877 seconds
[2024-11-13T09:59:44.662+0000] {processor.py:161} INFO - Started process (PID=2724) to work on /opt/airflow/dags/ExtracttoBronze.py
[2024-11-13T09:59:44.665+0000] {processor.py:830} INFO - Processing file /opt/airflow/dags/ExtracttoBronze.py for tasks to queue
[2024-11-13T09:59:44.671+0000] {logging_mixin.py:188} INFO - [2024-11-13T09:59:44.670+0000] {dagbag.py:540} INFO - Filling up the DagBag from /opt/airflow/dags/ExtracttoBronze.py
[2024-11-13T09:59:45.793+0000] {processor.py:840} INFO - DAG(s) 'extractAPItoBronze' retrieved from /opt/airflow/dags/ExtracttoBronze.py
[2024-11-13T09:59:46.115+0000] {logging_mixin.py:188} INFO - [2024-11-13T09:59:46.114+0000] {dag.py:3096} INFO - Sync 1 DAGs
[2024-11-13T09:59:46.186+0000] {logging_mixin.py:188} INFO - [2024-11-13T09:59:46.186+0000] {dag.py:3954} INFO - Setting next_dagrun for extractAPItoBronze to 2024-11-14 00:00:00+00:00, run_after=2024-11-15 00:00:00+00:00
[2024-11-13T09:59:50.834+0000] {processor.py:183} INFO - Processing /opt/airflow/dags/ExtracttoBronze.py took 6.188 seconds
[2024-11-13T10:00:21.729+0000] {processor.py:161} INFO - Started process (PID=2737) to work on /opt/airflow/dags/ExtracttoBronze.py
[2024-11-13T10:00:21.734+0000] {processor.py:830} INFO - Processing file /opt/airflow/dags/ExtracttoBronze.py for tasks to queue
[2024-11-13T10:00:21.740+0000] {logging_mixin.py:188} INFO - [2024-11-13T10:00:21.739+0000] {dagbag.py:540} INFO - Filling up the DagBag from /opt/airflow/dags/ExtracttoBronze.py
[2024-11-13T10:00:23.431+0000] {processor.py:840} INFO - DAG(s) 'extractAPItoBronze' retrieved from /opt/airflow/dags/ExtracttoBronze.py
[2024-11-13T10:00:23.796+0000] {logging_mixin.py:188} INFO - [2024-11-13T10:00:23.794+0000] {dag.py:3096} INFO - Sync 1 DAGs
[2024-11-13T10:00:23.894+0000] {logging_mixin.py:188} INFO - [2024-11-13T10:00:23.894+0000] {dag.py:3954} INFO - Setting next_dagrun for extractAPItoBronze to 2024-11-14 00:00:00+00:00, run_after=2024-11-15 00:00:00+00:00
[2024-11-13T10:00:23.957+0000] {processor.py:183} INFO - Processing /opt/airflow/dags/ExtracttoBronze.py took 2.258 seconds
[2024-11-13T10:00:54.416+0000] {processor.py:161} INFO - Started process (PID=2750) to work on /opt/airflow/dags/ExtracttoBronze.py
[2024-11-13T10:00:54.419+0000] {processor.py:830} INFO - Processing file /opt/airflow/dags/ExtracttoBronze.py for tasks to queue
[2024-11-13T10:00:54.424+0000] {logging_mixin.py:188} INFO - [2024-11-13T10:00:54.423+0000] {dagbag.py:540} INFO - Filling up the DagBag from /opt/airflow/dags/ExtracttoBronze.py
[2024-11-13T10:00:55.893+0000] {processor.py:840} INFO - DAG(s) 'extractAPItoBronze' retrieved from /opt/airflow/dags/ExtracttoBronze.py
[2024-11-13T10:00:56.270+0000] {logging_mixin.py:188} INFO - [2024-11-13T10:00:56.268+0000] {dag.py:3096} INFO - Sync 1 DAGs
[2024-11-13T10:00:56.330+0000] {logging_mixin.py:188} INFO - [2024-11-13T10:00:56.329+0000] {dag.py:3954} INFO - Setting next_dagrun for extractAPItoBronze to 2024-11-14 00:00:00+00:00, run_after=2024-11-15 00:00:00+00:00
[2024-11-13T10:00:56.389+0000] {processor.py:183} INFO - Processing /opt/airflow/dags/ExtracttoBronze.py took 1.991 seconds
[2024-11-13T10:01:27.193+0000] {processor.py:161} INFO - Started process (PID=2763) to work on /opt/airflow/dags/ExtracttoBronze.py
[2024-11-13T10:01:27.196+0000] {processor.py:830} INFO - Processing file /opt/airflow/dags/ExtracttoBronze.py for tasks to queue
[2024-11-13T10:01:27.205+0000] {logging_mixin.py:188} INFO - [2024-11-13T10:01:27.202+0000] {dagbag.py:540} INFO - Filling up the DagBag from /opt/airflow/dags/ExtracttoBronze.py
[2024-11-13T10:01:28.381+0000] {processor.py:840} INFO - DAG(s) 'extractAPItoBronze' retrieved from /opt/airflow/dags/ExtracttoBronze.py
[2024-11-13T10:01:28.685+0000] {logging_mixin.py:188} INFO - [2024-11-13T10:01:28.684+0000] {dag.py:3096} INFO - Sync 1 DAGs
[2024-11-13T10:01:28.747+0000] {logging_mixin.py:188} INFO - [2024-11-13T10:01:28.746+0000] {dag.py:3954} INFO - Setting next_dagrun for extractAPItoBronze to 2024-11-14 00:00:00+00:00, run_after=2024-11-15 00:00:00+00:00
[2024-11-13T10:01:28.802+0000] {processor.py:183} INFO - Processing /opt/airflow/dags/ExtracttoBronze.py took 1.634 seconds
[2024-11-13T10:01:59.151+0000] {processor.py:161} INFO - Started process (PID=2777) to work on /opt/airflow/dags/ExtracttoBronze.py
[2024-11-13T10:01:59.154+0000] {processor.py:830} INFO - Processing file /opt/airflow/dags/ExtracttoBronze.py for tasks to queue
[2024-11-13T10:01:59.159+0000] {logging_mixin.py:188} INFO - [2024-11-13T10:01:59.158+0000] {dagbag.py:540} INFO - Filling up the DagBag from /opt/airflow/dags/ExtracttoBronze.py
[2024-11-13T10:02:00.207+0000] {processor.py:840} INFO - DAG(s) 'extractAPItoBronze' retrieved from /opt/airflow/dags/ExtracttoBronze.py
[2024-11-13T10:02:00.499+0000] {logging_mixin.py:188} INFO - [2024-11-13T10:02:00.497+0000] {dag.py:3096} INFO - Sync 1 DAGs
[2024-11-13T10:02:00.560+0000] {logging_mixin.py:188} INFO - [2024-11-13T10:02:00.559+0000] {dag.py:3954} INFO - Setting next_dagrun for extractAPItoBronze to 2024-11-14 00:00:00+00:00, run_after=2024-11-15 00:00:00+00:00
[2024-11-13T10:02:01.050+0000] {processor.py:183} INFO - Processing /opt/airflow/dags/ExtracttoBronze.py took 1.921 seconds
[2024-11-13T10:02:31.839+0000] {processor.py:161} INFO - Started process (PID=2790) to work on /opt/airflow/dags/ExtracttoBronze.py
[2024-11-13T10:02:31.843+0000] {processor.py:830} INFO - Processing file /opt/airflow/dags/ExtracttoBronze.py for tasks to queue
[2024-11-13T10:02:31.850+0000] {logging_mixin.py:188} INFO - [2024-11-13T10:02:31.849+0000] {dagbag.py:540} INFO - Filling up the DagBag from /opt/airflow/dags/ExtracttoBronze.py
[2024-11-13T10:02:33.008+0000] {processor.py:840} INFO - DAG(s) 'extractAPItoBronze' retrieved from /opt/airflow/dags/ExtracttoBronze.py
[2024-11-13T10:02:33.353+0000] {logging_mixin.py:188} INFO - [2024-11-13T10:02:33.352+0000] {dag.py:3096} INFO - Sync 1 DAGs
[2024-11-13T10:02:33.712+0000] {logging_mixin.py:188} INFO - [2024-11-13T10:02:33.712+0000] {dag.py:3954} INFO - Setting next_dagrun for extractAPItoBronze to 2024-11-14 00:00:00+00:00, run_after=2024-11-15 00:00:00+00:00
[2024-11-13T10:02:33.778+0000] {processor.py:183} INFO - Processing /opt/airflow/dags/ExtracttoBronze.py took 1.962 seconds
[2024-11-13T10:03:04.465+0000] {processor.py:161} INFO - Started process (PID=2806) to work on /opt/airflow/dags/ExtracttoBronze.py
[2024-11-13T10:03:04.468+0000] {processor.py:830} INFO - Processing file /opt/airflow/dags/ExtracttoBronze.py for tasks to queue
[2024-11-13T10:03:04.474+0000] {logging_mixin.py:188} INFO - [2024-11-13T10:03:04.472+0000] {dagbag.py:540} INFO - Filling up the DagBag from /opt/airflow/dags/ExtracttoBronze.py
[2024-11-13T10:03:05.574+0000] {processor.py:840} INFO - DAG(s) 'extractAPItoBronze' retrieved from /opt/airflow/dags/ExtracttoBronze.py
[2024-11-13T10:03:05.845+0000] {logging_mixin.py:188} INFO - [2024-11-13T10:03:05.844+0000] {dag.py:3096} INFO - Sync 1 DAGs
[2024-11-13T10:03:05.896+0000] {logging_mixin.py:188} INFO - [2024-11-13T10:03:05.895+0000] {dag.py:3954} INFO - Setting next_dagrun for extractAPItoBronze to 2024-11-14 00:00:00+00:00, run_after=2024-11-15 00:00:00+00:00
[2024-11-13T10:03:05.947+0000] {processor.py:183} INFO - Processing /opt/airflow/dags/ExtracttoBronze.py took 1.498 seconds
[2024-11-13T10:03:36.571+0000] {processor.py:161} INFO - Started process (PID=2819) to work on /opt/airflow/dags/ExtracttoBronze.py
[2024-11-13T10:03:36.575+0000] {processor.py:830} INFO - Processing file /opt/airflow/dags/ExtracttoBronze.py for tasks to queue
[2024-11-13T10:03:36.581+0000] {logging_mixin.py:188} INFO - [2024-11-13T10:03:36.580+0000] {dagbag.py:540} INFO - Filling up the DagBag from /opt/airflow/dags/ExtracttoBronze.py
[2024-11-13T10:03:37.704+0000] {processor.py:840} INFO - DAG(s) 'extractAPItoBronze' retrieved from /opt/airflow/dags/ExtracttoBronze.py
[2024-11-13T10:03:38.124+0000] {logging_mixin.py:188} INFO - [2024-11-13T10:03:38.123+0000] {dag.py:3096} INFO - Sync 1 DAGs
[2024-11-13T10:03:38.179+0000] {logging_mixin.py:188} INFO - [2024-11-13T10:03:38.179+0000] {dag.py:3954} INFO - Setting next_dagrun for extractAPItoBronze to 2024-11-14 00:00:00+00:00, run_after=2024-11-15 00:00:00+00:00
[2024-11-13T10:03:38.227+0000] {processor.py:183} INFO - Processing /opt/airflow/dags/ExtracttoBronze.py took 1.673 seconds
[2024-11-13T10:04:08.869+0000] {processor.py:161} INFO - Started process (PID=2837) to work on /opt/airflow/dags/ExtracttoBronze.py
[2024-11-13T10:04:08.871+0000] {processor.py:830} INFO - Processing file /opt/airflow/dags/ExtracttoBronze.py for tasks to queue
[2024-11-13T10:04:08.877+0000] {logging_mixin.py:188} INFO - [2024-11-13T10:04:08.876+0000] {dagbag.py:540} INFO - Filling up the DagBag from /opt/airflow/dags/ExtracttoBronze.py
[2024-11-13T10:04:09.793+0000] {processor.py:840} INFO - DAG(s) 'extractAPItoBronze' retrieved from /opt/airflow/dags/ExtracttoBronze.py
[2024-11-13T10:04:10.066+0000] {logging_mixin.py:188} INFO - [2024-11-13T10:04:10.064+0000] {dag.py:3096} INFO - Sync 1 DAGs
[2024-11-13T10:04:10.112+0000] {logging_mixin.py:188} INFO - [2024-11-13T10:04:10.111+0000] {dag.py:3954} INFO - Setting next_dagrun for extractAPItoBronze to 2024-11-14 00:00:00+00:00, run_after=2024-11-15 00:00:00+00:00
[2024-11-13T10:04:10.429+0000] {processor.py:183} INFO - Processing /opt/airflow/dags/ExtracttoBronze.py took 1.584 seconds
[2024-11-13T10:04:40.733+0000] {processor.py:161} INFO - Started process (PID=2850) to work on /opt/airflow/dags/ExtracttoBronze.py
[2024-11-13T10:04:40.736+0000] {processor.py:830} INFO - Processing file /opt/airflow/dags/ExtracttoBronze.py for tasks to queue
[2024-11-13T10:04:40.742+0000] {logging_mixin.py:188} INFO - [2024-11-13T10:04:40.741+0000] {dagbag.py:540} INFO - Filling up the DagBag from /opt/airflow/dags/ExtracttoBronze.py
[2024-11-13T10:04:42.156+0000] {processor.py:840} INFO - DAG(s) 'extractAPItoBronze' retrieved from /opt/airflow/dags/ExtracttoBronze.py
[2024-11-13T10:04:42.569+0000] {logging_mixin.py:188} INFO - [2024-11-13T10:04:42.567+0000] {dag.py:3096} INFO - Sync 1 DAGs
[2024-11-13T10:04:43.019+0000] {logging_mixin.py:188} INFO - [2024-11-13T10:04:43.018+0000] {dag.py:3954} INFO - Setting next_dagrun for extractAPItoBronze to 2024-11-14 00:00:00+00:00, run_after=2024-11-15 00:00:00+00:00
[2024-11-13T10:04:43.076+0000] {processor.py:183} INFO - Processing /opt/airflow/dags/ExtracttoBronze.py took 2.366 seconds
[2024-11-13T10:05:13.302+0000] {processor.py:161} INFO - Started process (PID=2863) to work on /opt/airflow/dags/ExtracttoBronze.py
[2024-11-13T10:05:13.304+0000] {processor.py:830} INFO - Processing file /opt/airflow/dags/ExtracttoBronze.py for tasks to queue
[2024-11-13T10:05:13.315+0000] {logging_mixin.py:188} INFO - [2024-11-13T10:05:13.314+0000] {dagbag.py:540} INFO - Filling up the DagBag from /opt/airflow/dags/ExtracttoBronze.py
[2024-11-13T10:05:14.661+0000] {processor.py:840} INFO - DAG(s) 'extractAPItoBronze' retrieved from /opt/airflow/dags/ExtracttoBronze.py
[2024-11-13T10:05:14.998+0000] {logging_mixin.py:188} INFO - [2024-11-13T10:05:14.997+0000] {dag.py:3096} INFO - Sync 1 DAGs
[2024-11-13T10:05:15.053+0000] {logging_mixin.py:188} INFO - [2024-11-13T10:05:15.052+0000] {dag.py:3954} INFO - Setting next_dagrun for extractAPItoBronze to 2024-11-14 00:00:00+00:00, run_after=2024-11-15 00:00:00+00:00
[2024-11-13T10:05:15.105+0000] {processor.py:183} INFO - Processing /opt/airflow/dags/ExtracttoBronze.py took 1.819 seconds
[2024-11-13T10:05:45.454+0000] {processor.py:161} INFO - Started process (PID=2876) to work on /opt/airflow/dags/ExtracttoBronze.py
[2024-11-13T10:05:45.457+0000] {processor.py:830} INFO - Processing file /opt/airflow/dags/ExtracttoBronze.py for tasks to queue
[2024-11-13T10:05:45.461+0000] {logging_mixin.py:188} INFO - [2024-11-13T10:05:45.460+0000] {dagbag.py:540} INFO - Filling up the DagBag from /opt/airflow/dags/ExtracttoBronze.py
[2024-11-13T10:05:46.318+0000] {processor.py:840} INFO - DAG(s) 'extractAPItoBronze' retrieved from /opt/airflow/dags/ExtracttoBronze.py
[2024-11-13T10:05:46.596+0000] {logging_mixin.py:188} INFO - [2024-11-13T10:05:46.595+0000] {dag.py:3096} INFO - Sync 1 DAGs
[2024-11-13T10:05:46.654+0000] {logging_mixin.py:188} INFO - [2024-11-13T10:05:46.653+0000] {dag.py:3954} INFO - Setting next_dagrun for extractAPItoBronze to 2024-11-14 00:00:00+00:00, run_after=2024-11-15 00:00:00+00:00
[2024-11-13T10:05:46.713+0000] {processor.py:183} INFO - Processing /opt/airflow/dags/ExtracttoBronze.py took 1.274 seconds
[2024-11-13T10:06:17.047+0000] {processor.py:161} INFO - Started process (PID=2889) to work on /opt/airflow/dags/ExtracttoBronze.py
[2024-11-13T10:06:17.049+0000] {processor.py:830} INFO - Processing file /opt/airflow/dags/ExtracttoBronze.py for tasks to queue
[2024-11-13T10:06:17.053+0000] {logging_mixin.py:188} INFO - [2024-11-13T10:06:17.053+0000] {dagbag.py:540} INFO - Filling up the DagBag from /opt/airflow/dags/ExtracttoBronze.py
[2024-11-13T10:06:17.903+0000] {processor.py:840} INFO - DAG(s) 'extractAPItoBronze' retrieved from /opt/airflow/dags/ExtracttoBronze.py
[2024-11-13T10:06:18.275+0000] {logging_mixin.py:188} INFO - [2024-11-13T10:06:18.274+0000] {dag.py:3096} INFO - Sync 1 DAGs
[2024-11-13T10:06:18.331+0000] {logging_mixin.py:188} INFO - [2024-11-13T10:06:18.330+0000] {dag.py:3954} INFO - Setting next_dagrun for extractAPItoBronze to 2024-11-14 00:00:00+00:00, run_after=2024-11-15 00:00:00+00:00
[2024-11-13T10:06:18.633+0000] {processor.py:183} INFO - Processing /opt/airflow/dags/ExtracttoBronze.py took 1.602 seconds
[2024-11-13T10:06:48.784+0000] {processor.py:161} INFO - Started process (PID=2902) to work on /opt/airflow/dags/ExtracttoBronze.py
[2024-11-13T10:06:48.787+0000] {processor.py:830} INFO - Processing file /opt/airflow/dags/ExtracttoBronze.py for tasks to queue
[2024-11-13T10:06:48.792+0000] {logging_mixin.py:188} INFO - [2024-11-13T10:06:48.791+0000] {dagbag.py:540} INFO - Filling up the DagBag from /opt/airflow/dags/ExtracttoBronze.py
[2024-11-13T10:06:49.696+0000] {processor.py:840} INFO - DAG(s) 'extractAPItoBronze' retrieved from /opt/airflow/dags/ExtracttoBronze.py
[2024-11-13T10:06:50.002+0000] {logging_mixin.py:188} INFO - [2024-11-13T10:06:50.001+0000] {dag.py:3096} INFO - Sync 1 DAGs
[2024-11-13T10:06:50.322+0000] {logging_mixin.py:188} INFO - [2024-11-13T10:06:50.321+0000] {dag.py:3954} INFO - Setting next_dagrun for extractAPItoBronze to 2024-11-14 00:00:00+00:00, run_after=2024-11-15 00:00:00+00:00
[2024-11-13T10:06:50.368+0000] {processor.py:183} INFO - Processing /opt/airflow/dags/ExtracttoBronze.py took 1.605 seconds
[2024-11-13T10:07:21.037+0000] {processor.py:161} INFO - Started process (PID=2915) to work on /opt/airflow/dags/ExtracttoBronze.py
[2024-11-13T10:07:21.042+0000] {processor.py:830} INFO - Processing file /opt/airflow/dags/ExtracttoBronze.py for tasks to queue
[2024-11-13T10:07:21.051+0000] {logging_mixin.py:188} INFO - [2024-11-13T10:07:21.049+0000] {dagbag.py:540} INFO - Filling up the DagBag from /opt/airflow/dags/ExtracttoBronze.py
[2024-11-13T10:07:23.084+0000] {processor.py:840} INFO - DAG(s) 'extractAPItoBronze' retrieved from /opt/airflow/dags/ExtracttoBronze.py
[2024-11-13T10:07:23.560+0000] {logging_mixin.py:188} INFO - [2024-11-13T10:07:23.559+0000] {dag.py:3096} INFO - Sync 1 DAGs
[2024-11-13T10:07:23.689+0000] {logging_mixin.py:188} INFO - [2024-11-13T10:07:23.688+0000] {dag.py:3954} INFO - Setting next_dagrun for extractAPItoBronze to 2024-11-14 00:00:00+00:00, run_after=2024-11-15 00:00:00+00:00
[2024-11-13T10:07:23.827+0000] {processor.py:183} INFO - Processing /opt/airflow/dags/ExtracttoBronze.py took 2.815 seconds
[2024-11-13T10:07:54.454+0000] {processor.py:161} INFO - Started process (PID=2928) to work on /opt/airflow/dags/ExtracttoBronze.py
[2024-11-13T10:07:54.458+0000] {processor.py:830} INFO - Processing file /opt/airflow/dags/ExtracttoBronze.py for tasks to queue
[2024-11-13T10:07:54.465+0000] {logging_mixin.py:188} INFO - [2024-11-13T10:07:54.463+0000] {dagbag.py:540} INFO - Filling up the DagBag from /opt/airflow/dags/ExtracttoBronze.py
[2024-11-13T10:07:55.557+0000] {processor.py:840} INFO - DAG(s) 'extractAPItoBronze' retrieved from /opt/airflow/dags/ExtracttoBronze.py
[2024-11-13T10:07:55.928+0000] {logging_mixin.py:188} INFO - [2024-11-13T10:07:55.927+0000] {dag.py:3096} INFO - Sync 1 DAGs
[2024-11-13T10:07:55.992+0000] {logging_mixin.py:188} INFO - [2024-11-13T10:07:55.992+0000] {dag.py:3954} INFO - Setting next_dagrun for extractAPItoBronze to 2024-11-14 00:00:00+00:00, run_after=2024-11-15 00:00:00+00:00
[2024-11-13T10:07:56.050+0000] {processor.py:183} INFO - Processing /opt/airflow/dags/ExtracttoBronze.py took 1.616 seconds
[2024-11-13T10:08:26.828+0000] {processor.py:161} INFO - Started process (PID=2942) to work on /opt/airflow/dags/ExtracttoBronze.py
[2024-11-13T10:08:26.832+0000] {processor.py:830} INFO - Processing file /opt/airflow/dags/ExtracttoBronze.py for tasks to queue
[2024-11-13T10:08:26.837+0000] {logging_mixin.py:188} INFO - [2024-11-13T10:08:26.837+0000] {dagbag.py:540} INFO - Filling up the DagBag from /opt/airflow/dags/ExtracttoBronze.py
[2024-11-13T10:08:28.029+0000] {processor.py:840} INFO - DAG(s) 'extractAPItoBronze' retrieved from /opt/airflow/dags/ExtracttoBronze.py
[2024-11-13T10:08:28.392+0000] {logging_mixin.py:188} INFO - [2024-11-13T10:08:28.391+0000] {dag.py:3096} INFO - Sync 1 DAGs
[2024-11-13T10:08:28.468+0000] {logging_mixin.py:188} INFO - [2024-11-13T10:08:28.467+0000] {dag.py:3954} INFO - Setting next_dagrun for extractAPItoBronze to 2024-11-14 00:00:00+00:00, run_after=2024-11-15 00:00:00+00:00
[2024-11-13T10:08:28.907+0000] {processor.py:183} INFO - Processing /opt/airflow/dags/ExtracttoBronze.py took 2.098 seconds
[2024-11-13T10:08:59.780+0000] {processor.py:161} INFO - Started process (PID=2955) to work on /opt/airflow/dags/ExtracttoBronze.py
[2024-11-13T10:08:59.783+0000] {processor.py:830} INFO - Processing file /opt/airflow/dags/ExtracttoBronze.py for tasks to queue
[2024-11-13T10:08:59.788+0000] {logging_mixin.py:188} INFO - [2024-11-13T10:08:59.787+0000] {dagbag.py:540} INFO - Filling up the DagBag from /opt/airflow/dags/ExtracttoBronze.py
[2024-11-13T10:09:00.968+0000] {processor.py:840} INFO - DAG(s) 'extractAPItoBronze' retrieved from /opt/airflow/dags/ExtracttoBronze.py
[2024-11-13T10:09:01.434+0000] {logging_mixin.py:188} INFO - [2024-11-13T10:09:01.428+0000] {dag.py:3096} INFO - Sync 1 DAGs
[2024-11-13T10:09:01.984+0000] {logging_mixin.py:188} INFO - [2024-11-13T10:09:01.984+0000] {dag.py:3954} INFO - Setting next_dagrun for extractAPItoBronze to 2024-11-14 00:00:00+00:00, run_after=2024-11-15 00:00:00+00:00
[2024-11-13T10:09:02.032+0000] {processor.py:183} INFO - Processing /opt/airflow/dags/ExtracttoBronze.py took 2.274 seconds
[2024-11-13T10:09:32.807+0000] {processor.py:161} INFO - Started process (PID=2970) to work on /opt/airflow/dags/ExtracttoBronze.py
[2024-11-13T10:09:32.810+0000] {processor.py:830} INFO - Processing file /opt/airflow/dags/ExtracttoBronze.py for tasks to queue
[2024-11-13T10:09:32.817+0000] {logging_mixin.py:188} INFO - [2024-11-13T10:09:32.816+0000] {dagbag.py:540} INFO - Filling up the DagBag from /opt/airflow/dags/ExtracttoBronze.py
[2024-11-13T10:09:33.807+0000] {processor.py:840} INFO - DAG(s) 'extractAPItoBronze' retrieved from /opt/airflow/dags/ExtracttoBronze.py
[2024-11-13T10:09:34.100+0000] {logging_mixin.py:188} INFO - [2024-11-13T10:09:34.099+0000] {dag.py:3096} INFO - Sync 1 DAGs
[2024-11-13T10:09:34.154+0000] {logging_mixin.py:188} INFO - [2024-11-13T10:09:34.153+0000] {dag.py:3954} INFO - Setting next_dagrun for extractAPItoBronze to 2024-11-14 00:00:00+00:00, run_after=2024-11-15 00:00:00+00:00
[2024-11-13T10:09:34.223+0000] {processor.py:183} INFO - Processing /opt/airflow/dags/ExtracttoBronze.py took 1.437 seconds
[2024-11-13T10:10:04.464+0000] {processor.py:161} INFO - Started process (PID=2983) to work on /opt/airflow/dags/ExtracttoBronze.py
[2024-11-13T10:10:04.467+0000] {processor.py:830} INFO - Processing file /opt/airflow/dags/ExtracttoBronze.py for tasks to queue
[2024-11-13T10:10:04.479+0000] {logging_mixin.py:188} INFO - [2024-11-13T10:10:04.477+0000] {dagbag.py:540} INFO - Filling up the DagBag from /opt/airflow/dags/ExtracttoBronze.py
[2024-11-13T10:10:05.599+0000] {processor.py:840} INFO - DAG(s) 'extractAPItoBronze' retrieved from /opt/airflow/dags/ExtracttoBronze.py
[2024-11-13T10:10:05.922+0000] {logging_mixin.py:188} INFO - [2024-11-13T10:10:05.921+0000] {dag.py:3096} INFO - Sync 1 DAGs
[2024-11-13T10:10:05.980+0000] {logging_mixin.py:188} INFO - [2024-11-13T10:10:05.979+0000] {dag.py:3954} INFO - Setting next_dagrun for extractAPItoBronze to 2024-11-14 00:00:00+00:00, run_after=2024-11-15 00:00:00+00:00
[2024-11-13T10:10:06.042+0000] {processor.py:183} INFO - Processing /opt/airflow/dags/ExtracttoBronze.py took 1.599 seconds
[2024-11-13T10:10:36.427+0000] {processor.py:161} INFO - Started process (PID=2997) to work on /opt/airflow/dags/ExtracttoBronze.py
[2024-11-13T10:10:36.429+0000] {processor.py:830} INFO - Processing file /opt/airflow/dags/ExtracttoBronze.py for tasks to queue
[2024-11-13T10:10:36.434+0000] {logging_mixin.py:188} INFO - [2024-11-13T10:10:36.433+0000] {dagbag.py:540} INFO - Filling up the DagBag from /opt/airflow/dags/ExtracttoBronze.py
[2024-11-13T10:10:37.303+0000] {processor.py:840} INFO - DAG(s) 'extractAPItoBronze' retrieved from /opt/airflow/dags/ExtracttoBronze.py
[2024-11-13T10:10:37.551+0000] {logging_mixin.py:188} INFO - [2024-11-13T10:10:37.550+0000] {dag.py:3096} INFO - Sync 1 DAGs
[2024-11-13T10:10:37.846+0000] {logging_mixin.py:188} INFO - [2024-11-13T10:10:37.845+0000] {dag.py:3954} INFO - Setting next_dagrun for extractAPItoBronze to 2024-11-14 00:00:00+00:00, run_after=2024-11-15 00:00:00+00:00
[2024-11-13T10:10:37.894+0000] {processor.py:183} INFO - Processing /opt/airflow/dags/ExtracttoBronze.py took 1.482 seconds
[2024-11-13T10:11:08.416+0000] {processor.py:161} INFO - Started process (PID=3010) to work on /opt/airflow/dags/ExtracttoBronze.py
[2024-11-13T10:11:08.422+0000] {processor.py:830} INFO - Processing file /opt/airflow/dags/ExtracttoBronze.py for tasks to queue
[2024-11-13T10:11:08.430+0000] {logging_mixin.py:188} INFO - [2024-11-13T10:11:08.428+0000] {dagbag.py:540} INFO - Filling up the DagBag from /opt/airflow/dags/ExtracttoBronze.py
[2024-11-13T10:11:09.566+0000] {processor.py:840} INFO - DAG(s) 'extractAPItoBronze' retrieved from /opt/airflow/dags/ExtracttoBronze.py
[2024-11-13T10:11:10.299+0000] {logging_mixin.py:188} INFO - [2024-11-13T10:11:10.298+0000] {dag.py:3096} INFO - Sync 1 DAGs
[2024-11-13T10:11:10.347+0000] {logging_mixin.py:188} INFO - [2024-11-13T10:11:10.346+0000] {dag.py:3954} INFO - Setting next_dagrun for extractAPItoBronze to 2024-11-14 00:00:00+00:00, run_after=2024-11-15 00:00:00+00:00
[2024-11-13T10:11:10.392+0000] {processor.py:183} INFO - Processing /opt/airflow/dags/ExtracttoBronze.py took 2.012 seconds
[2024-11-13T10:11:40.669+0000] {processor.py:161} INFO - Started process (PID=3031) to work on /opt/airflow/dags/ExtracttoBronze.py
[2024-11-13T10:11:40.672+0000] {processor.py:830} INFO - Processing file /opt/airflow/dags/ExtracttoBronze.py for tasks to queue
[2024-11-13T10:11:40.681+0000] {logging_mixin.py:188} INFO - [2024-11-13T10:11:40.679+0000] {dagbag.py:540} INFO - Filling up the DagBag from /opt/airflow/dags/ExtracttoBronze.py
[2024-11-13T10:11:42.557+0000] {processor.py:840} INFO - DAG(s) 'extractAPItoBronze' retrieved from /opt/airflow/dags/ExtracttoBronze.py
[2024-11-13T10:11:42.946+0000] {logging_mixin.py:188} INFO - [2024-11-13T10:11:42.944+0000] {dag.py:3096} INFO - Sync 1 DAGs
[2024-11-13T10:11:43.007+0000] {logging_mixin.py:188} INFO - [2024-11-13T10:11:43.006+0000] {dag.py:3954} INFO - Setting next_dagrun for extractAPItoBronze to 2024-11-14 00:00:00+00:00, run_after=2024-11-15 00:00:00+00:00
[2024-11-13T10:11:43.066+0000] {processor.py:183} INFO - Processing /opt/airflow/dags/ExtracttoBronze.py took 2.423 seconds
[2024-11-13T10:12:13.583+0000] {processor.py:161} INFO - Started process (PID=3044) to work on /opt/airflow/dags/ExtracttoBronze.py
[2024-11-13T10:12:13.585+0000] {processor.py:830} INFO - Processing file /opt/airflow/dags/ExtracttoBronze.py for tasks to queue
[2024-11-13T10:12:13.590+0000] {logging_mixin.py:188} INFO - [2024-11-13T10:12:13.589+0000] {dagbag.py:540} INFO - Filling up the DagBag from /opt/airflow/dags/ExtracttoBronze.py
[2024-11-13T10:12:14.663+0000] {processor.py:840} INFO - DAG(s) 'extractAPItoBronze' retrieved from /opt/airflow/dags/ExtracttoBronze.py
[2024-11-13T10:12:14.966+0000] {logging_mixin.py:188} INFO - [2024-11-13T10:12:14.964+0000] {dag.py:3096} INFO - Sync 1 DAGs
[2024-11-13T10:12:15.027+0000] {logging_mixin.py:188} INFO - [2024-11-13T10:12:15.026+0000] {dag.py:3954} INFO - Setting next_dagrun for extractAPItoBronze to 2024-11-14 00:00:00+00:00, run_after=2024-11-15 00:00:00+00:00
[2024-11-13T10:12:15.363+0000] {processor.py:183} INFO - Processing /opt/airflow/dags/ExtracttoBronze.py took 1.798 seconds
[2024-11-13T10:12:45.577+0000] {processor.py:161} INFO - Started process (PID=3057) to work on /opt/airflow/dags/ExtracttoBronze.py
[2024-11-13T10:12:45.579+0000] {processor.py:830} INFO - Processing file /opt/airflow/dags/ExtracttoBronze.py for tasks to queue
[2024-11-13T10:12:45.584+0000] {logging_mixin.py:188} INFO - [2024-11-13T10:12:45.583+0000] {dagbag.py:540} INFO - Filling up the DagBag from /opt/airflow/dags/ExtracttoBronze.py
[2024-11-13T10:12:46.395+0000] {processor.py:840} INFO - DAG(s) 'extractAPItoBronze' retrieved from /opt/airflow/dags/ExtracttoBronze.py
[2024-11-13T10:12:46.652+0000] {logging_mixin.py:188} INFO - [2024-11-13T10:12:46.651+0000] {dag.py:3096} INFO - Sync 1 DAGs
[2024-11-13T10:12:47.010+0000] {logging_mixin.py:188} INFO - [2024-11-13T10:12:47.009+0000] {dag.py:3954} INFO - Setting next_dagrun for extractAPItoBronze to 2024-11-14 00:00:00+00:00, run_after=2024-11-15 00:00:00+00:00
[2024-11-13T10:12:47.057+0000] {processor.py:183} INFO - Processing /opt/airflow/dags/ExtracttoBronze.py took 1.495 seconds
[2024-11-13T10:13:17.423+0000] {processor.py:161} INFO - Started process (PID=3070) to work on /opt/airflow/dags/ExtracttoBronze.py
[2024-11-13T10:13:17.425+0000] {processor.py:830} INFO - Processing file /opt/airflow/dags/ExtracttoBronze.py for tasks to queue
[2024-11-13T10:13:17.429+0000] {logging_mixin.py:188} INFO - [2024-11-13T10:13:17.429+0000] {dagbag.py:540} INFO - Filling up the DagBag from /opt/airflow/dags/ExtracttoBronze.py
[2024-11-13T10:13:18.299+0000] {processor.py:840} INFO - DAG(s) 'extractAPItoBronze' retrieved from /opt/airflow/dags/ExtracttoBronze.py
[2024-11-13T10:13:18.850+0000] {logging_mixin.py:188} INFO - [2024-11-13T10:13:18.849+0000] {dag.py:3096} INFO - Sync 1 DAGs
[2024-11-13T10:13:18.915+0000] {logging_mixin.py:188} INFO - [2024-11-13T10:13:18.914+0000] {dag.py:3954} INFO - Setting next_dagrun for extractAPItoBronze to 2024-11-14 00:00:00+00:00, run_after=2024-11-15 00:00:00+00:00
[2024-11-13T10:13:18.987+0000] {processor.py:183} INFO - Processing /opt/airflow/dags/ExtracttoBronze.py took 1.580 seconds
[2024-11-13T10:13:49.171+0000] {processor.py:161} INFO - Started process (PID=3083) to work on /opt/airflow/dags/ExtracttoBronze.py
[2024-11-13T10:13:49.173+0000] {processor.py:830} INFO - Processing file /opt/airflow/dags/ExtracttoBronze.py for tasks to queue
[2024-11-13T10:13:49.178+0000] {logging_mixin.py:188} INFO - [2024-11-13T10:13:49.177+0000] {dagbag.py:540} INFO - Filling up the DagBag from /opt/airflow/dags/ExtracttoBronze.py
[2024-11-13T10:13:50.102+0000] {processor.py:840} INFO - DAG(s) 'extractAPItoBronze' retrieved from /opt/airflow/dags/ExtracttoBronze.py
[2024-11-13T10:13:50.359+0000] {logging_mixin.py:188} INFO - [2024-11-13T10:13:50.358+0000] {dag.py:3096} INFO - Sync 1 DAGs
[2024-11-13T10:13:50.407+0000] {logging_mixin.py:188} INFO - [2024-11-13T10:13:50.406+0000] {dag.py:3954} INFO - Setting next_dagrun for extractAPItoBronze to 2024-11-14 00:00:00+00:00, run_after=2024-11-15 00:00:00+00:00
[2024-11-13T10:13:50.453+0000] {processor.py:183} INFO - Processing /opt/airflow/dags/ExtracttoBronze.py took 1.298 seconds
[2024-11-13T10:14:27.295+0000] {processor.py:161} INFO - Started process (PID=3096) to work on /opt/airflow/dags/ExtracttoBronze.py
[2024-11-13T10:14:27.303+0000] {processor.py:830} INFO - Processing file /opt/airflow/dags/ExtracttoBronze.py for tasks to queue
[2024-11-13T10:14:27.318+0000] {logging_mixin.py:188} INFO - [2024-11-13T10:14:27.316+0000] {dagbag.py:540} INFO - Filling up the DagBag from /opt/airflow/dags/ExtracttoBronze.py
[2024-11-13T10:14:29.807+0000] {processor.py:840} INFO - DAG(s) 'extractAPItoBronze' retrieved from /opt/airflow/dags/ExtracttoBronze.py
[2024-11-13T10:14:30.490+0000] {logging_mixin.py:188} INFO - [2024-11-13T10:14:30.489+0000] {dag.py:3096} INFO - Sync 1 DAGs
[2024-11-13T10:14:30.567+0000] {logging_mixin.py:188} INFO - [2024-11-13T10:14:30.566+0000] {dag.py:3954} INFO - Setting next_dagrun for extractAPItoBronze to 2024-11-14 00:00:00+00:00, run_after=2024-11-15 00:00:00+00:00
[2024-11-13T10:14:30.687+0000] {processor.py:183} INFO - Processing /opt/airflow/dags/ExtracttoBronze.py took 3.461 seconds
