[2024-11-13T09:58:42.188+0000] {processor.py:161} INFO - Started process (PID=2702) to work on /opt/airflow/dags/TransformToSilver.py
[2024-11-13T09:58:42.204+0000] {processor.py:830} INFO - Processing file /opt/airflow/dags/TransformToSilver.py for tasks to queue
[2024-11-13T09:58:42.225+0000] {logging_mixin.py:188} INFO - [2024-11-13T09:58:42.224+0000] {dagbag.py:540} INFO - Filling up the DagBag from /opt/airflow/dags/TransformToSilver.py
[2024-11-13T09:58:44.964+0000] {processor.py:840} INFO - DAG(s) 'TransformToSilver' retrieved from /opt/airflow/dags/TransformToSilver.py
[2024-11-13T09:58:46.321+0000] {logging_mixin.py:188} INFO - [2024-11-13T09:58:46.320+0000] {dag.py:3096} INFO - Sync 1 DAGs
[2024-11-13T09:58:46.608+0000] {logging_mixin.py:188} INFO - [2024-11-13T09:58:46.606+0000] {dag.py:3954} INFO - Setting next_dagrun for TransformToSilver to 2024-11-14 00:00:00+00:00, run_after=2024-11-15 00:00:00+00:00
[2024-11-13T09:58:46.913+0000] {processor.py:183} INFO - Processing /opt/airflow/dags/TransformToSilver.py took 4.774 seconds
[2024-11-13T09:59:17.166+0000] {processor.py:161} INFO - Started process (PID=2715) to work on /opt/airflow/dags/TransformToSilver.py
[2024-11-13T09:59:17.170+0000] {processor.py:830} INFO - Processing file /opt/airflow/dags/TransformToSilver.py for tasks to queue
[2024-11-13T09:59:17.175+0000] {logging_mixin.py:188} INFO - [2024-11-13T09:59:17.174+0000] {dagbag.py:540} INFO - Filling up the DagBag from /opt/airflow/dags/TransformToSilver.py
[2024-11-13T09:59:18.046+0000] {processor.py:840} INFO - DAG(s) 'TransformToSilver' retrieved from /opt/airflow/dags/TransformToSilver.py
[2024-11-13T09:59:18.317+0000] {logging_mixin.py:188} INFO - [2024-11-13T09:59:18.316+0000] {dag.py:3096} INFO - Sync 1 DAGs
[2024-11-13T09:59:18.371+0000] {logging_mixin.py:188} INFO - [2024-11-13T09:59:18.370+0000] {dag.py:3954} INFO - Setting next_dagrun for TransformToSilver to 2024-11-14 00:00:00+00:00, run_after=2024-11-15 00:00:00+00:00
[2024-11-13T09:59:18.432+0000] {processor.py:183} INFO - Processing /opt/airflow/dags/TransformToSilver.py took 1.285 seconds
[2024-11-13T09:59:51.136+0000] {processor.py:161} INFO - Started process (PID=2728) to work on /opt/airflow/dags/TransformToSilver.py
[2024-11-13T09:59:51.147+0000] {processor.py:830} INFO - Processing file /opt/airflow/dags/TransformToSilver.py for tasks to queue
[2024-11-13T09:59:51.157+0000] {logging_mixin.py:188} INFO - [2024-11-13T09:59:51.156+0000] {dagbag.py:540} INFO - Filling up the DagBag from /opt/airflow/dags/TransformToSilver.py
[2024-11-13T09:59:52.305+0000] {processor.py:840} INFO - DAG(s) 'TransformToSilver' retrieved from /opt/airflow/dags/TransformToSilver.py
[2024-11-13T09:59:52.652+0000] {logging_mixin.py:188} INFO - [2024-11-13T09:59:52.650+0000] {dag.py:3096} INFO - Sync 1 DAGs
[2024-11-13T09:59:52.727+0000] {logging_mixin.py:188} INFO - [2024-11-13T09:59:52.726+0000] {dag.py:3954} INFO - Setting next_dagrun for TransformToSilver to 2024-11-14 00:00:00+00:00, run_after=2024-11-15 00:00:00+00:00
[2024-11-13T09:59:53.260+0000] {processor.py:183} INFO - Processing /opt/airflow/dags/TransformToSilver.py took 2.168 seconds
[2024-11-13T10:00:24.085+0000] {processor.py:161} INFO - Started process (PID=2741) to work on /opt/airflow/dags/TransformToSilver.py
[2024-11-13T10:00:24.090+0000] {processor.py:830} INFO - Processing file /opt/airflow/dags/TransformToSilver.py for tasks to queue
[2024-11-13T10:00:24.098+0000] {logging_mixin.py:188} INFO - [2024-11-13T10:00:24.097+0000] {dagbag.py:540} INFO - Filling up the DagBag from /opt/airflow/dags/TransformToSilver.py
[2024-11-13T10:00:25.324+0000] {processor.py:840} INFO - DAG(s) 'TransformToSilver' retrieved from /opt/airflow/dags/TransformToSilver.py
[2024-11-13T10:00:25.652+0000] {logging_mixin.py:188} INFO - [2024-11-13T10:00:25.650+0000] {dag.py:3096} INFO - Sync 1 DAGs
[2024-11-13T10:00:25.722+0000] {logging_mixin.py:188} INFO - [2024-11-13T10:00:25.722+0000] {dag.py:3954} INFO - Setting next_dagrun for TransformToSilver to 2024-11-14 00:00:00+00:00, run_after=2024-11-15 00:00:00+00:00
[2024-11-13T10:00:25.784+0000] {processor.py:183} INFO - Processing /opt/airflow/dags/TransformToSilver.py took 1.725 seconds
[2024-11-13T10:00:56.437+0000] {processor.py:161} INFO - Started process (PID=2754) to work on /opt/airflow/dags/TransformToSilver.py
[2024-11-13T10:00:56.439+0000] {processor.py:830} INFO - Processing file /opt/airflow/dags/TransformToSilver.py for tasks to queue
[2024-11-13T10:00:56.444+0000] {logging_mixin.py:188} INFO - [2024-11-13T10:00:56.443+0000] {dagbag.py:540} INFO - Filling up the DagBag from /opt/airflow/dags/TransformToSilver.py
[2024-11-13T10:00:57.291+0000] {processor.py:840} INFO - DAG(s) 'TransformToSilver' retrieved from /opt/airflow/dags/TransformToSilver.py
[2024-11-13T10:00:57.586+0000] {logging_mixin.py:188} INFO - [2024-11-13T10:00:57.585+0000] {dag.py:3096} INFO - Sync 1 DAGs
[2024-11-13T10:00:57.646+0000] {logging_mixin.py:188} INFO - [2024-11-13T10:00:57.645+0000] {dag.py:3954} INFO - Setting next_dagrun for TransformToSilver to 2024-11-14 00:00:00+00:00, run_after=2024-11-15 00:00:00+00:00
[2024-11-13T10:00:57.698+0000] {processor.py:183} INFO - Processing /opt/airflow/dags/TransformToSilver.py took 1.280 seconds
[2024-11-13T10:01:29.089+0000] {processor.py:161} INFO - Started process (PID=2768) to work on /opt/airflow/dags/TransformToSilver.py
[2024-11-13T10:01:29.092+0000] {processor.py:830} INFO - Processing file /opt/airflow/dags/TransformToSilver.py for tasks to queue
[2024-11-13T10:01:29.097+0000] {logging_mixin.py:188} INFO - [2024-11-13T10:01:29.096+0000] {dagbag.py:540} INFO - Filling up the DagBag from /opt/airflow/dags/TransformToSilver.py
[2024-11-13T10:01:30.111+0000] {processor.py:840} INFO - DAG(s) 'TransformToSilver' retrieved from /opt/airflow/dags/TransformToSilver.py
[2024-11-13T10:01:30.454+0000] {logging_mixin.py:188} INFO - [2024-11-13T10:01:30.452+0000] {dag.py:3096} INFO - Sync 1 DAGs
[2024-11-13T10:01:30.509+0000] {logging_mixin.py:188} INFO - [2024-11-13T10:01:30.508+0000] {dag.py:3954} INFO - Setting next_dagrun for TransformToSilver to 2024-11-14 00:00:00+00:00, run_after=2024-11-15 00:00:00+00:00
[2024-11-13T10:01:30.558+0000] {processor.py:183} INFO - Processing /opt/airflow/dags/TransformToSilver.py took 1.490 seconds
[2024-11-13T10:02:01.245+0000] {processor.py:161} INFO - Started process (PID=2781) to work on /opt/airflow/dags/TransformToSilver.py
[2024-11-13T10:02:01.249+0000] {processor.py:830} INFO - Processing file /opt/airflow/dags/TransformToSilver.py for tasks to queue
[2024-11-13T10:02:01.269+0000] {logging_mixin.py:188} INFO - [2024-11-13T10:02:01.268+0000] {dagbag.py:540} INFO - Filling up the DagBag from /opt/airflow/dags/TransformToSilver.py
[2024-11-13T10:02:02.252+0000] {processor.py:840} INFO - DAG(s) 'TransformToSilver' retrieved from /opt/airflow/dags/TransformToSilver.py
[2024-11-13T10:02:02.571+0000] {logging_mixin.py:188} INFO - [2024-11-13T10:02:02.570+0000] {dag.py:3096} INFO - Sync 1 DAGs
[2024-11-13T10:02:02.631+0000] {logging_mixin.py:188} INFO - [2024-11-13T10:02:02.631+0000] {dag.py:3954} INFO - Setting next_dagrun for TransformToSilver to 2024-11-14 00:00:00+00:00, run_after=2024-11-15 00:00:00+00:00
[2024-11-13T10:02:02.966+0000] {processor.py:183} INFO - Processing /opt/airflow/dags/TransformToSilver.py took 1.759 seconds
[2024-11-13T10:02:33.484+0000] {processor.py:161} INFO - Started process (PID=2794) to work on /opt/airflow/dags/TransformToSilver.py
[2024-11-13T10:02:33.488+0000] {processor.py:830} INFO - Processing file /opt/airflow/dags/TransformToSilver.py for tasks to queue
[2024-11-13T10:02:33.494+0000] {logging_mixin.py:188} INFO - [2024-11-13T10:02:33.493+0000] {dagbag.py:540} INFO - Filling up the DagBag from /opt/airflow/dags/TransformToSilver.py
[2024-11-13T10:02:34.599+0000] {processor.py:840} INFO - DAG(s) 'TransformToSilver' retrieved from /opt/airflow/dags/TransformToSilver.py
[2024-11-13T10:02:34.829+0000] {logging_mixin.py:188} INFO - [2024-11-13T10:02:34.828+0000] {dag.py:3096} INFO - Sync 1 DAGs
[2024-11-13T10:02:34.876+0000] {logging_mixin.py:188} INFO - [2024-11-13T10:02:34.876+0000] {dag.py:3954} INFO - Setting next_dagrun for TransformToSilver to 2024-11-14 00:00:00+00:00, run_after=2024-11-15 00:00:00+00:00
[2024-11-13T10:02:34.920+0000] {processor.py:183} INFO - Processing /opt/airflow/dags/TransformToSilver.py took 1.457 seconds
[2024-11-13T10:03:05.304+0000] {processor.py:161} INFO - Started process (PID=2808) to work on /opt/airflow/dags/TransformToSilver.py
[2024-11-13T10:03:05.308+0000] {processor.py:830} INFO - Processing file /opt/airflow/dags/TransformToSilver.py for tasks to queue
[2024-11-13T10:03:05.323+0000] {logging_mixin.py:188} INFO - [2024-11-13T10:03:05.313+0000] {dagbag.py:540} INFO - Filling up the DagBag from /opt/airflow/dags/TransformToSilver.py
[2024-11-13T10:03:06.234+0000] {processor.py:840} INFO - DAG(s) 'TransformToSilver' retrieved from /opt/airflow/dags/TransformToSilver.py
[2024-11-13T10:03:06.488+0000] {logging_mixin.py:188} INFO - [2024-11-13T10:03:06.487+0000] {dag.py:3096} INFO - Sync 1 DAGs
[2024-11-13T10:03:06.537+0000] {logging_mixin.py:188} INFO - [2024-11-13T10:03:06.536+0000] {dag.py:3954} INFO - Setting next_dagrun for TransformToSilver to 2024-11-14 00:00:00+00:00, run_after=2024-11-15 00:00:00+00:00
[2024-11-13T10:03:06.613+0000] {processor.py:183} INFO - Processing /opt/airflow/dags/TransformToSilver.py took 1.332 seconds
[2024-11-13T10:03:37.144+0000] {processor.py:161} INFO - Started process (PID=2821) to work on /opt/airflow/dags/TransformToSilver.py
[2024-11-13T10:03:37.147+0000] {processor.py:830} INFO - Processing file /opt/airflow/dags/TransformToSilver.py for tasks to queue
[2024-11-13T10:03:37.154+0000] {logging_mixin.py:188} INFO - [2024-11-13T10:03:37.153+0000] {dagbag.py:540} INFO - Filling up the DagBag from /opt/airflow/dags/TransformToSilver.py
[2024-11-13T10:03:38.302+0000] {processor.py:840} INFO - DAG(s) 'TransformToSilver' retrieved from /opt/airflow/dags/TransformToSilver.py
[2024-11-13T10:03:38.588+0000] {logging_mixin.py:188} INFO - [2024-11-13T10:03:38.587+0000] {dag.py:3096} INFO - Sync 1 DAGs
[2024-11-13T10:03:38.663+0000] {logging_mixin.py:188} INFO - [2024-11-13T10:03:38.662+0000] {dag.py:3954} INFO - Setting next_dagrun for TransformToSilver to 2024-11-14 00:00:00+00:00, run_after=2024-11-15 00:00:00+00:00
[2024-11-13T10:03:38.730+0000] {processor.py:183} INFO - Processing /opt/airflow/dags/TransformToSilver.py took 1.605 seconds
[2024-11-13T10:04:09.382+0000] {processor.py:161} INFO - Started process (PID=2839) to work on /opt/airflow/dags/TransformToSilver.py
[2024-11-13T10:04:09.384+0000] {processor.py:830} INFO - Processing file /opt/airflow/dags/TransformToSilver.py for tasks to queue
[2024-11-13T10:04:09.389+0000] {logging_mixin.py:188} INFO - [2024-11-13T10:04:09.388+0000] {dagbag.py:540} INFO - Filling up the DagBag from /opt/airflow/dags/TransformToSilver.py
[2024-11-13T10:04:10.275+0000] {processor.py:840} INFO - DAG(s) 'TransformToSilver' retrieved from /opt/airflow/dags/TransformToSilver.py
[2024-11-13T10:04:10.526+0000] {logging_mixin.py:188} INFO - [2024-11-13T10:04:10.525+0000] {dag.py:3096} INFO - Sync 1 DAGs
[2024-11-13T10:04:10.578+0000] {logging_mixin.py:188} INFO - [2024-11-13T10:04:10.577+0000] {dag.py:3954} INFO - Setting next_dagrun for TransformToSilver to 2024-11-14 00:00:00+00:00, run_after=2024-11-15 00:00:00+00:00
[2024-11-13T10:04:10.865+0000] {processor.py:183} INFO - Processing /opt/airflow/dags/TransformToSilver.py took 1.502 seconds
[2024-11-13T10:04:41.673+0000] {processor.py:161} INFO - Started process (PID=2852) to work on /opt/airflow/dags/TransformToSilver.py
[2024-11-13T10:04:41.677+0000] {processor.py:830} INFO - Processing file /opt/airflow/dags/TransformToSilver.py for tasks to queue
[2024-11-13T10:04:41.683+0000] {logging_mixin.py:188} INFO - [2024-11-13T10:04:41.682+0000] {dagbag.py:540} INFO - Filling up the DagBag from /opt/airflow/dags/TransformToSilver.py
[2024-11-13T10:04:42.919+0000] {processor.py:840} INFO - DAG(s) 'TransformToSilver' retrieved from /opt/airflow/dags/TransformToSilver.py
[2024-11-13T10:04:43.255+0000] {logging_mixin.py:188} INFO - [2024-11-13T10:04:43.254+0000] {dag.py:3096} INFO - Sync 1 DAGs
[2024-11-13T10:04:43.600+0000] {logging_mixin.py:188} INFO - [2024-11-13T10:04:43.598+0000] {dag.py:3954} INFO - Setting next_dagrun for TransformToSilver to 2024-11-14 00:00:00+00:00, run_after=2024-11-15 00:00:00+00:00
[2024-11-13T10:04:43.673+0000] {processor.py:183} INFO - Processing /opt/airflow/dags/TransformToSilver.py took 2.036 seconds
[2024-11-13T10:05:13.798+0000] {processor.py:161} INFO - Started process (PID=2865) to work on /opt/airflow/dags/TransformToSilver.py
[2024-11-13T10:05:13.801+0000] {processor.py:830} INFO - Processing file /opt/airflow/dags/TransformToSilver.py for tasks to queue
[2024-11-13T10:05:13.809+0000] {logging_mixin.py:188} INFO - [2024-11-13T10:05:13.808+0000] {dagbag.py:540} INFO - Filling up the DagBag from /opt/airflow/dags/TransformToSilver.py
[2024-11-13T10:05:15.082+0000] {processor.py:840} INFO - DAG(s) 'TransformToSilver' retrieved from /opt/airflow/dags/TransformToSilver.py
[2024-11-13T10:05:15.365+0000] {logging_mixin.py:188} INFO - [2024-11-13T10:05:15.364+0000] {dag.py:3096} INFO - Sync 1 DAGs
[2024-11-13T10:05:15.409+0000] {logging_mixin.py:188} INFO - [2024-11-13T10:05:15.409+0000] {dag.py:3954} INFO - Setting next_dagrun for TransformToSilver to 2024-11-14 00:00:00+00:00, run_after=2024-11-15 00:00:00+00:00
[2024-11-13T10:05:15.467+0000] {processor.py:183} INFO - Processing /opt/airflow/dags/TransformToSilver.py took 1.691 seconds
[2024-11-13T10:05:45.960+0000] {processor.py:161} INFO - Started process (PID=2878) to work on /opt/airflow/dags/TransformToSilver.py
[2024-11-13T10:05:45.963+0000] {processor.py:830} INFO - Processing file /opt/airflow/dags/TransformToSilver.py for tasks to queue
[2024-11-13T10:05:45.969+0000] {logging_mixin.py:188} INFO - [2024-11-13T10:05:45.967+0000] {dagbag.py:540} INFO - Filling up the DagBag from /opt/airflow/dags/TransformToSilver.py
[2024-11-13T10:05:46.839+0000] {processor.py:840} INFO - DAG(s) 'TransformToSilver' retrieved from /opt/airflow/dags/TransformToSilver.py
[2024-11-13T10:05:47.136+0000] {logging_mixin.py:188} INFO - [2024-11-13T10:05:47.135+0000] {dag.py:3096} INFO - Sync 1 DAGs
[2024-11-13T10:05:47.192+0000] {logging_mixin.py:188} INFO - [2024-11-13T10:05:47.191+0000] {dag.py:3954} INFO - Setting next_dagrun for TransformToSilver to 2024-11-14 00:00:00+00:00, run_after=2024-11-15 00:00:00+00:00
[2024-11-13T10:05:47.243+0000] {processor.py:183} INFO - Processing /opt/airflow/dags/TransformToSilver.py took 1.299 seconds
[2024-11-13T10:06:17.539+0000] {processor.py:161} INFO - Started process (PID=2891) to work on /opt/airflow/dags/TransformToSilver.py
[2024-11-13T10:06:17.542+0000] {processor.py:830} INFO - Processing file /opt/airflow/dags/TransformToSilver.py for tasks to queue
[2024-11-13T10:06:17.547+0000] {logging_mixin.py:188} INFO - [2024-11-13T10:06:17.546+0000] {dagbag.py:540} INFO - Filling up the DagBag from /opt/airflow/dags/TransformToSilver.py
[2024-11-13T10:06:18.550+0000] {processor.py:840} INFO - DAG(s) 'TransformToSilver' retrieved from /opt/airflow/dags/TransformToSilver.py
[2024-11-13T10:06:18.788+0000] {logging_mixin.py:188} INFO - [2024-11-13T10:06:18.788+0000] {dag.py:3096} INFO - Sync 1 DAGs
[2024-11-13T10:06:18.845+0000] {logging_mixin.py:188} INFO - [2024-11-13T10:06:18.844+0000] {dag.py:3954} INFO - Setting next_dagrun for TransformToSilver to 2024-11-14 00:00:00+00:00, run_after=2024-11-15 00:00:00+00:00
[2024-11-13T10:06:19.141+0000] {processor.py:183} INFO - Processing /opt/airflow/dags/TransformToSilver.py took 1.618 seconds
[2024-11-13T10:06:49.390+0000] {processor.py:161} INFO - Started process (PID=2904) to work on /opt/airflow/dags/TransformToSilver.py
[2024-11-13T10:06:49.392+0000] {processor.py:830} INFO - Processing file /opt/airflow/dags/TransformToSilver.py for tasks to queue
[2024-11-13T10:06:49.398+0000] {logging_mixin.py:188} INFO - [2024-11-13T10:06:49.397+0000] {dagbag.py:540} INFO - Filling up the DagBag from /opt/airflow/dags/TransformToSilver.py
[2024-11-13T10:06:50.277+0000] {processor.py:840} INFO - DAG(s) 'TransformToSilver' retrieved from /opt/airflow/dags/TransformToSilver.py
[2024-11-13T10:06:50.540+0000] {logging_mixin.py:188} INFO - [2024-11-13T10:06:50.539+0000] {dag.py:3096} INFO - Sync 1 DAGs
[2024-11-13T10:06:50.588+0000] {logging_mixin.py:188} INFO - [2024-11-13T10:06:50.587+0000] {dag.py:3954} INFO - Setting next_dagrun for TransformToSilver to 2024-11-14 00:00:00+00:00, run_after=2024-11-15 00:00:00+00:00
[2024-11-13T10:06:50.633+0000] {processor.py:183} INFO - Processing /opt/airflow/dags/TransformToSilver.py took 1.258 seconds
[2024-11-13T10:07:22.627+0000] {processor.py:161} INFO - Started process (PID=2917) to work on /opt/airflow/dags/TransformToSilver.py
[2024-11-13T10:07:22.630+0000] {processor.py:830} INFO - Processing file /opt/airflow/dags/TransformToSilver.py for tasks to queue
[2024-11-13T10:07:22.637+0000] {logging_mixin.py:188} INFO - [2024-11-13T10:07:22.636+0000] {dagbag.py:540} INFO - Filling up the DagBag from /opt/airflow/dags/TransformToSilver.py
[2024-11-13T10:07:24.197+0000] {processor.py:840} INFO - DAG(s) 'TransformToSilver' retrieved from /opt/airflow/dags/TransformToSilver.py
[2024-11-13T10:07:24.634+0000] {logging_mixin.py:188} INFO - [2024-11-13T10:07:24.633+0000] {dag.py:3096} INFO - Sync 1 DAGs
[2024-11-13T10:07:24.719+0000] {logging_mixin.py:188} INFO - [2024-11-13T10:07:24.718+0000] {dag.py:3954} INFO - Setting next_dagrun for TransformToSilver to 2024-11-14 00:00:00+00:00, run_after=2024-11-15 00:00:00+00:00
[2024-11-13T10:07:24.787+0000] {processor.py:183} INFO - Processing /opt/airflow/dags/TransformToSilver.py took 2.193 seconds
[2024-11-13T10:07:54.945+0000] {processor.py:161} INFO - Started process (PID=2930) to work on /opt/airflow/dags/TransformToSilver.py
[2024-11-13T10:07:54.948+0000] {processor.py:830} INFO - Processing file /opt/airflow/dags/TransformToSilver.py for tasks to queue
[2024-11-13T10:07:54.954+0000] {logging_mixin.py:188} INFO - [2024-11-13T10:07:54.953+0000] {dagbag.py:540} INFO - Filling up the DagBag from /opt/airflow/dags/TransformToSilver.py
[2024-11-13T10:07:55.971+0000] {processor.py:840} INFO - DAG(s) 'TransformToSilver' retrieved from /opt/airflow/dags/TransformToSilver.py
[2024-11-13T10:07:56.268+0000] {logging_mixin.py:188} INFO - [2024-11-13T10:07:56.267+0000] {dag.py:3096} INFO - Sync 1 DAGs
[2024-11-13T10:07:56.320+0000] {logging_mixin.py:188} INFO - [2024-11-13T10:07:56.320+0000] {dag.py:3954} INFO - Setting next_dagrun for TransformToSilver to 2024-11-14 00:00:00+00:00, run_after=2024-11-15 00:00:00+00:00
[2024-11-13T10:07:56.361+0000] {processor.py:183} INFO - Processing /opt/airflow/dags/TransformToSilver.py took 1.435 seconds
[2024-11-13T10:08:26.856+0000] {processor.py:161} INFO - Started process (PID=2943) to work on /opt/airflow/dags/TransformToSilver.py
[2024-11-13T10:08:26.859+0000] {processor.py:830} INFO - Processing file /opt/airflow/dags/TransformToSilver.py for tasks to queue
[2024-11-13T10:08:26.864+0000] {logging_mixin.py:188} INFO - [2024-11-13T10:08:26.863+0000] {dagbag.py:540} INFO - Filling up the DagBag from /opt/airflow/dags/TransformToSilver.py
[2024-11-13T10:08:28.138+0000] {processor.py:840} INFO - DAG(s) 'TransformToSilver' retrieved from /opt/airflow/dags/TransformToSilver.py
[2024-11-13T10:08:28.487+0000] {logging_mixin.py:188} INFO - [2024-11-13T10:08:28.486+0000] {dag.py:3096} INFO - Sync 1 DAGs
[2024-11-13T10:08:28.558+0000] {logging_mixin.py:188} INFO - [2024-11-13T10:08:28.558+0000] {dag.py:3954} INFO - Setting next_dagrun for TransformToSilver to 2024-11-14 00:00:00+00:00, run_after=2024-11-15 00:00:00+00:00
[2024-11-13T10:08:29.023+0000] {processor.py:183} INFO - Processing /opt/airflow/dags/TransformToSilver.py took 2.184 seconds
[2024-11-13T10:08:59.807+0000] {processor.py:161} INFO - Started process (PID=2956) to work on /opt/airflow/dags/TransformToSilver.py
[2024-11-13T10:08:59.811+0000] {processor.py:830} INFO - Processing file /opt/airflow/dags/TransformToSilver.py for tasks to queue
[2024-11-13T10:08:59.816+0000] {logging_mixin.py:188} INFO - [2024-11-13T10:08:59.815+0000] {dagbag.py:540} INFO - Filling up the DagBag from /opt/airflow/dags/TransformToSilver.py
[2024-11-13T10:09:00.965+0000] {processor.py:840} INFO - DAG(s) 'TransformToSilver' retrieved from /opt/airflow/dags/TransformToSilver.py
[2024-11-13T10:09:01.360+0000] {logging_mixin.py:188} INFO - [2024-11-13T10:09:01.358+0000] {dag.py:3096} INFO - Sync 1 DAGs
[2024-11-13T10:09:01.454+0000] {logging_mixin.py:188} INFO - [2024-11-13T10:09:01.453+0000] {dag.py:3954} INFO - Setting next_dagrun for TransformToSilver to 2024-11-14 00:00:00+00:00, run_after=2024-11-15 00:00:00+00:00
[2024-11-13T10:09:01.555+0000] {processor.py:183} INFO - Processing /opt/airflow/dags/TransformToSilver.py took 1.769 seconds
[2024-11-13T10:09:31.767+0000] {processor.py:161} INFO - Started process (PID=2968) to work on /opt/airflow/dags/TransformToSilver.py
[2024-11-13T10:09:31.770+0000] {processor.py:830} INFO - Processing file /opt/airflow/dags/TransformToSilver.py for tasks to queue
[2024-11-13T10:09:31.775+0000] {logging_mixin.py:188} INFO - [2024-11-13T10:09:31.774+0000] {dagbag.py:540} INFO - Filling up the DagBag from /opt/airflow/dags/TransformToSilver.py
[2024-11-13T10:09:32.598+0000] {processor.py:840} INFO - DAG(s) 'TransformToSilver' retrieved from /opt/airflow/dags/TransformToSilver.py
[2024-11-13T10:09:32.884+0000] {logging_mixin.py:188} INFO - [2024-11-13T10:09:32.883+0000] {dag.py:3096} INFO - Sync 1 DAGs
[2024-11-13T10:09:32.935+0000] {logging_mixin.py:188} INFO - [2024-11-13T10:09:32.934+0000] {dag.py:3954} INFO - Setting next_dagrun for TransformToSilver to 2024-11-14 00:00:00+00:00, run_after=2024-11-15 00:00:00+00:00
[2024-11-13T10:09:32.984+0000] {processor.py:183} INFO - Processing /opt/airflow/dags/TransformToSilver.py took 1.233 seconds
[2024-11-13T10:10:03.409+0000] {processor.py:161} INFO - Started process (PID=2981) to work on /opt/airflow/dags/TransformToSilver.py
[2024-11-13T10:10:03.412+0000] {processor.py:830} INFO - Processing file /opt/airflow/dags/TransformToSilver.py for tasks to queue
[2024-11-13T10:10:03.417+0000] {logging_mixin.py:188} INFO - [2024-11-13T10:10:03.416+0000] {dagbag.py:540} INFO - Filling up the DagBag from /opt/airflow/dags/TransformToSilver.py
[2024-11-13T10:10:04.384+0000] {processor.py:840} INFO - DAG(s) 'TransformToSilver' retrieved from /opt/airflow/dags/TransformToSilver.py
[2024-11-13T10:10:04.826+0000] {logging_mixin.py:188} INFO - [2024-11-13T10:10:04.824+0000] {dag.py:3096} INFO - Sync 1 DAGs
[2024-11-13T10:10:04.909+0000] {logging_mixin.py:188} INFO - [2024-11-13T10:10:04.908+0000] {dag.py:3954} INFO - Setting next_dagrun for TransformToSilver to 2024-11-14 00:00:00+00:00, run_after=2024-11-15 00:00:00+00:00
[2024-11-13T10:10:04.975+0000] {processor.py:183} INFO - Processing /opt/airflow/dags/TransformToSilver.py took 1.582 seconds
[2024-11-13T10:10:35.399+0000] {processor.py:161} INFO - Started process (PID=2995) to work on /opt/airflow/dags/TransformToSilver.py
[2024-11-13T10:10:35.401+0000] {processor.py:830} INFO - Processing file /opt/airflow/dags/TransformToSilver.py for tasks to queue
[2024-11-13T10:10:35.406+0000] {logging_mixin.py:188} INFO - [2024-11-13T10:10:35.405+0000] {dagbag.py:540} INFO - Filling up the DagBag from /opt/airflow/dags/TransformToSilver.py
[2024-11-13T10:10:36.219+0000] {processor.py:840} INFO - DAG(s) 'TransformToSilver' retrieved from /opt/airflow/dags/TransformToSilver.py
[2024-11-13T10:10:36.463+0000] {logging_mixin.py:188} INFO - [2024-11-13T10:10:36.462+0000] {dag.py:3096} INFO - Sync 1 DAGs
[2024-11-13T10:10:36.767+0000] {logging_mixin.py:188} INFO - [2024-11-13T10:10:36.766+0000] {dag.py:3954} INFO - Setting next_dagrun for TransformToSilver to 2024-11-14 00:00:00+00:00, run_after=2024-11-15 00:00:00+00:00
[2024-11-13T10:10:36.813+0000] {processor.py:183} INFO - Processing /opt/airflow/dags/TransformToSilver.py took 1.430 seconds
[2024-11-13T10:11:07.349+0000] {processor.py:161} INFO - Started process (PID=3008) to work on /opt/airflow/dags/TransformToSilver.py
[2024-11-13T10:11:07.352+0000] {processor.py:830} INFO - Processing file /opt/airflow/dags/TransformToSilver.py for tasks to queue
[2024-11-13T10:11:07.359+0000] {logging_mixin.py:188} INFO - [2024-11-13T10:11:07.358+0000] {dagbag.py:540} INFO - Filling up the DagBag from /opt/airflow/dags/TransformToSilver.py
[2024-11-13T10:11:08.365+0000] {processor.py:840} INFO - DAG(s) 'TransformToSilver' retrieved from /opt/airflow/dags/TransformToSilver.py
[2024-11-13T10:11:08.808+0000] {logging_mixin.py:188} INFO - [2024-11-13T10:11:08.807+0000] {dag.py:3096} INFO - Sync 1 DAGs
[2024-11-13T10:11:08.883+0000] {logging_mixin.py:188} INFO - [2024-11-13T10:11:08.882+0000] {dag.py:3954} INFO - Setting next_dagrun for TransformToSilver to 2024-11-14 00:00:00+00:00, run_after=2024-11-15 00:00:00+00:00
[2024-11-13T10:11:08.945+0000] {processor.py:183} INFO - Processing /opt/airflow/dags/TransformToSilver.py took 1.618 seconds
[2024-11-13T10:11:39.328+0000] {processor.py:161} INFO - Started process (PID=3021) to work on /opt/airflow/dags/TransformToSilver.py
[2024-11-13T10:11:39.331+0000] {processor.py:830} INFO - Processing file /opt/airflow/dags/TransformToSilver.py for tasks to queue
[2024-11-13T10:11:39.336+0000] {logging_mixin.py:188} INFO - [2024-11-13T10:11:39.335+0000] {dagbag.py:540} INFO - Filling up the DagBag from /opt/airflow/dags/TransformToSilver.py
[2024-11-13T10:11:40.475+0000] {processor.py:840} INFO - DAG(s) 'TransformToSilver' retrieved from /opt/airflow/dags/TransformToSilver.py
[2024-11-13T10:11:41.096+0000] {logging_mixin.py:188} INFO - [2024-11-13T10:11:41.091+0000] {dag.py:3096} INFO - Sync 1 DAGs
[2024-11-13T10:11:41.293+0000] {logging_mixin.py:188} INFO - [2024-11-13T10:11:41.292+0000] {dag.py:3954} INFO - Setting next_dagrun for TransformToSilver to 2024-11-14 00:00:00+00:00, run_after=2024-11-15 00:00:00+00:00
[2024-11-13T10:11:41.440+0000] {processor.py:183} INFO - Processing /opt/airflow/dags/TransformToSilver.py took 2.129 seconds
[2024-11-13T10:12:11.902+0000] {processor.py:161} INFO - Started process (PID=3042) to work on /opt/airflow/dags/TransformToSilver.py
[2024-11-13T10:12:11.904+0000] {processor.py:830} INFO - Processing file /opt/airflow/dags/TransformToSilver.py for tasks to queue
[2024-11-13T10:12:11.908+0000] {logging_mixin.py:188} INFO - [2024-11-13T10:12:11.907+0000] {dagbag.py:540} INFO - Filling up the DagBag from /opt/airflow/dags/TransformToSilver.py
[2024-11-13T10:12:12.998+0000] {processor.py:840} INFO - DAG(s) 'TransformToSilver' retrieved from /opt/airflow/dags/TransformToSilver.py
[2024-11-13T10:12:13.311+0000] {logging_mixin.py:188} INFO - [2024-11-13T10:12:13.309+0000] {dag.py:3096} INFO - Sync 1 DAGs
[2024-11-13T10:12:13.402+0000] {logging_mixin.py:188} INFO - [2024-11-13T10:12:13.402+0000] {dag.py:3954} INFO - Setting next_dagrun for TransformToSilver to 2024-11-14 00:00:00+00:00, run_after=2024-11-15 00:00:00+00:00
[2024-11-13T10:12:13.467+0000] {processor.py:183} INFO - Processing /opt/airflow/dags/TransformToSilver.py took 1.582 seconds
[2024-11-13T10:12:43.783+0000] {processor.py:161} INFO - Started process (PID=3055) to work on /opt/airflow/dags/TransformToSilver.py
[2024-11-13T10:12:43.785+0000] {processor.py:830} INFO - Processing file /opt/airflow/dags/TransformToSilver.py for tasks to queue
[2024-11-13T10:12:43.792+0000] {logging_mixin.py:188} INFO - [2024-11-13T10:12:43.791+0000] {dagbag.py:540} INFO - Filling up the DagBag from /opt/airflow/dags/TransformToSilver.py
[2024-11-13T10:12:44.831+0000] {processor.py:840} INFO - DAG(s) 'TransformToSilver' retrieved from /opt/airflow/dags/TransformToSilver.py
[2024-11-13T10:12:45.103+0000] {logging_mixin.py:188} INFO - [2024-11-13T10:12:45.102+0000] {dag.py:3096} INFO - Sync 1 DAGs
[2024-11-13T10:12:45.405+0000] {logging_mixin.py:188} INFO - [2024-11-13T10:12:45.404+0000] {dag.py:3954} INFO - Setting next_dagrun for TransformToSilver to 2024-11-14 00:00:00+00:00, run_after=2024-11-15 00:00:00+00:00
[2024-11-13T10:12:45.459+0000] {processor.py:183} INFO - Processing /opt/airflow/dags/TransformToSilver.py took 1.691 seconds
[2024-11-13T10:13:16.030+0000] {processor.py:161} INFO - Started process (PID=3068) to work on /opt/airflow/dags/TransformToSilver.py
[2024-11-13T10:13:16.032+0000] {processor.py:830} INFO - Processing file /opt/airflow/dags/TransformToSilver.py for tasks to queue
[2024-11-13T10:13:16.036+0000] {logging_mixin.py:188} INFO - [2024-11-13T10:13:16.036+0000] {dagbag.py:540} INFO - Filling up the DagBag from /opt/airflow/dags/TransformToSilver.py
[2024-11-13T10:13:16.768+0000] {processor.py:840} INFO - DAG(s) 'TransformToSilver' retrieved from /opt/airflow/dags/TransformToSilver.py
[2024-11-13T10:13:17.229+0000] {logging_mixin.py:188} INFO - [2024-11-13T10:13:17.229+0000] {dag.py:3096} INFO - Sync 1 DAGs
[2024-11-13T10:13:17.271+0000] {logging_mixin.py:188} INFO - [2024-11-13T10:13:17.270+0000] {dag.py:3954} INFO - Setting next_dagrun for TransformToSilver to 2024-11-14 00:00:00+00:00, run_after=2024-11-15 00:00:00+00:00
[2024-11-13T10:13:17.311+0000] {processor.py:183} INFO - Processing /opt/airflow/dags/TransformToSilver.py took 1.297 seconds
[2024-11-13T10:13:47.921+0000] {processor.py:161} INFO - Started process (PID=3081) to work on /opt/airflow/dags/TransformToSilver.py
[2024-11-13T10:13:47.924+0000] {processor.py:830} INFO - Processing file /opt/airflow/dags/TransformToSilver.py for tasks to queue
[2024-11-13T10:13:47.930+0000] {logging_mixin.py:188} INFO - [2024-11-13T10:13:47.929+0000] {dagbag.py:540} INFO - Filling up the DagBag from /opt/airflow/dags/TransformToSilver.py
[2024-11-13T10:13:48.770+0000] {processor.py:840} INFO - DAG(s) 'TransformToSilver' retrieved from /opt/airflow/dags/TransformToSilver.py
[2024-11-13T10:13:49.003+0000] {logging_mixin.py:188} INFO - [2024-11-13T10:13:49.002+0000] {dag.py:3096} INFO - Sync 1 DAGs
[2024-11-13T10:13:49.047+0000] {logging_mixin.py:188} INFO - [2024-11-13T10:13:49.047+0000] {dag.py:3954} INFO - Setting next_dagrun for TransformToSilver to 2024-11-14 00:00:00+00:00, run_after=2024-11-15 00:00:00+00:00
[2024-11-13T10:13:49.098+0000] {processor.py:183} INFO - Processing /opt/airflow/dags/TransformToSilver.py took 1.191 seconds
[2024-11-13T10:14:20.082+0000] {processor.py:161} INFO - Started process (PID=3094) to work on /opt/airflow/dags/TransformToSilver.py
[2024-11-13T10:14:20.085+0000] {processor.py:830} INFO - Processing file /opt/airflow/dags/TransformToSilver.py for tasks to queue
[2024-11-13T10:14:20.093+0000] {logging_mixin.py:188} INFO - [2024-11-13T10:14:20.092+0000] {dagbag.py:540} INFO - Filling up the DagBag from /opt/airflow/dags/TransformToSilver.py
[2024-11-13T10:14:26.427+0000] {processor.py:840} INFO - DAG(s) 'TransformToSilver' retrieved from /opt/airflow/dags/TransformToSilver.py
[2024-11-13T10:14:27.553+0000] {logging_mixin.py:188} INFO - [2024-11-13T10:14:27.552+0000] {dag.py:3096} INFO - Sync 1 DAGs
[2024-11-13T10:14:27.682+0000] {logging_mixin.py:188} INFO - [2024-11-13T10:14:27.682+0000] {dag.py:3954} INFO - Setting next_dagrun for TransformToSilver to 2024-11-14 00:00:00+00:00, run_after=2024-11-15 00:00:00+00:00
[2024-11-13T10:14:27.858+0000] {processor.py:183} INFO - Processing /opt/airflow/dags/TransformToSilver.py took 7.797 seconds
